Command succeeded: ./maxflow -v 2 -s 0 -t 1 -f /disk_182a/andrew/maximum_flow/source_sink_pairs/SNAP/p2p-Gnutella04_super_cap1.txt -a 0
Output:
Loading from DIMACS file: /disk_182a/andrew/maximum_flow/source_sink_pairs/SNAP/p2p-Gnutella04_super_cap1.txt
---------<< Graph Status >>---------
Number of nodes: 10878
Number of edges: 40034
Average degree: 3.68
Standard deviation of degree: 4.92
Maximum degree: 100 (Node 3109)
Minimum degree: 0 (Node 2)
Source node: 10876, Sink node: 10877
Using thread-centric push-relabel algorithm
Starting preflow
Excess_total: 20
Starting push_relabel
Inside push_relabel
GPU Device: NVIDIA GeForce RTX 3090
Number of blocks: 82
Number of threads per block: 1024
Shared memory size: 12288
cpu_excess_flow[source]: 0, cpu_excess_flow[sink]: 0
Invoking kernel
Kernel invoked
After global relabel--------------------
Excess total : 20
cpu_excess_flow[source]: 0, cpu_excess_flow[sink]: 17
Invoking kernel
Kernel invoked
After global relabel--------------------
Excess total : 20
Total kernel time: 71.513405 ms
The maximum flow value of this flow network as calculated by the parallel implementation is 20, 20

Command succeeded: ./maxflow -v 2 -s 0 -t 1 -f /disk_182a/andrew/maximum_flow/source_sink_pairs/SNAP/p2p-Gnutella04_super_cap1.txt -a 1
Output:
Loading from DIMACS file: /disk_182a/andrew/maximum_flow/source_sink_pairs/SNAP/p2p-Gnutella04_super_cap1.txt
---------<< Graph Status >>---------
Number of nodes: 10878
Number of edges: 40034
Average degree: 3.68
Standard deviation of degree: 4.92
Maximum degree: 100 (Node 3109)
Minimum degree: 0 (Node 2)
Source node: 10876, Sink node: 10877
Using vertex-centric push-relabel algorithm
Starting preflow
Excess_total: 20
Starting push_relabel
Inside push_relabel
GPU Device: NVIDIA GeForce RTX 3090
Number of blocks: 82
Number of threads per block: 1024
Shared memory size: 12288
cpu_excess_flow[source]: 0, cpu_excess_flow[sink]: 0
Invoking kernel
Kernel invoked
After global relabel--------------------
Excess total : 20
cpu_excess_flow[source]: 0, cpu_excess_flow[sink]: 17
Invoking kernel
Kernel invoked
After global relabel--------------------
Excess total : 20
cpu_excess_flow[source]: 0, cpu_excess_flow[sink]: 18
Invoking kernel
Kernel invoked
After global relabel--------------------
Excess total : 20
cpu_excess_flow[source]: 0, cpu_excess_flow[sink]: 19
Invoking kernel
Kernel invoked
After global relabel--------------------
Excess total : 20
Total kernel time: 209.219727 ms
The maximum flow value of this flow network as calculated by the parallel implementation is 20, 20

Command succeeded: ./maxflow -v 2 -s 0 -t 1 -f /disk_182a/andrew/maximum_flow/source_sink_pairs/SNAP/ca-HepTh_cap1.txt -a 0
Output:
Loading from DIMACS file: /disk_182a/andrew/maximum_flow/source_sink_pairs/SNAP/ca-HepTh_cap1.txt
---------<< Graph Status >>---------
Number of nodes: 9879
Number of edges: 52011
Average degree: 5.26
Standard deviation of degree: 6.19
Maximum degree: 65 (Node 222)
Minimum degree: 0 (Node 9878)
Source node: 9877, Sink node: 9878
Using thread-centric push-relabel algorithm
Starting preflow
Excess_total: 20
Starting push_relabel
Inside push_relabel
GPU Device: NVIDIA GeForce RTX 3090
Number of blocks: 82
Number of threads per block: 1024
Shared memory size: 12288
cpu_excess_flow[source]: 0, cpu_excess_flow[sink]: 0
Invoking kernel
Kernel invoked
After global relabel--------------------
Excess total : 20
cpu_excess_flow[source]: 0, cpu_excess_flow[sink]: 19
Invoking kernel
Kernel invoked
After global relabel--------------------
Excess total : 20
Total kernel time: 61.407234 ms
The maximum flow value of this flow network as calculated by the parallel implementation is 20, 20

Command succeeded: ./maxflow -v 2 -s 0 -t 1 -f /disk_182a/andrew/maximum_flow/source_sink_pairs/SNAP/ca-HepTh_cap1.txt -a 1
Output:
Loading from DIMACS file: /disk_182a/andrew/maximum_flow/source_sink_pairs/SNAP/ca-HepTh_cap1.txt
---------<< Graph Status >>---------
Number of nodes: 9879
Number of edges: 52011
Average degree: 5.26
Standard deviation of degree: 6.19
Maximum degree: 65 (Node 222)
Minimum degree: 0 (Node 9878)
Source node: 9877, Sink node: 9878
Using vertex-centric push-relabel algorithm
Starting preflow
Excess_total: 20
Starting push_relabel
Inside push_relabel
GPU Device: NVIDIA GeForce RTX 3090
Number of blocks: 82
Number of threads per block: 1024
Shared memory size: 12288
cpu_excess_flow[source]: 0, cpu_excess_flow[sink]: 0
Invoking kernel
Kernel invoked
After global relabel--------------------
Excess total : 20
Total kernel time: 49.818623 ms
The maximum flow value of this flow network as calculated by the parallel implementation is 20, 20

