./maxflow -v 2 -s 0 -t 1 -f /disk_182a/andrew/maximum_flow/source_sink_pairs/bipartite2/ucforum_super.txt -a 0: 28.179585 ms
./maxflow -v 2 -s 0 -t 1 -f /disk_182a/andrew/maximum_flow/source_sink_pairs/bipartite2/ucforum_super.txt -a 1: 19.833376 ms
./maxflow -v 2 -s 0 -t 1 -f /disk_182a/andrew/maximum_flow/source_sink_pairs/bipartite2/movielens-u-i_super.txt -a 0: 248.687012 ms
./maxflow -v 2 -s 0 -t 1 -f /disk_182a/andrew/maximum_flow/source_sink_pairs/bipartite2/movielens-u-i_super.txt -a 1: 169.959946 ms
./maxflow -v 2 -s 0 -t 1 -f /disk_182a/andrew/maximum_flow/source_sink_pairs/bipartite2/youtube_super.txt -a 0: 110625.664062 ms
./maxflow -v 2 -s 0 -t 1 -f /disk_182a/andrew/maximum_flow/source_sink_pairs/bipartite2/youtube_super.txt -a 1: 36136.136719 ms
./maxflow -v 2 -s 0 -t 1 -f /disk_182a/andrew/maximum_flow/source_sink_pairs/bipartite2/corporate-leadership_super.txt -a 0: 1.103744 ms
./maxflow -v 2 -s 0 -t 1 -f /disk_182a/andrew/maximum_flow/source_sink_pairs/bipartite2/corporate-leadership_super.txt -a 1: 1.006720 ms
./maxflow -v 2 -s 0 -t 1 -f /disk_182a/andrew/maximum_flow/source_sink_pairs/bipartite2/unicode_super.txt -a 0: 13.925119 ms
./maxflow -v 2 -s 0 -t 1 -f /disk_182a/andrew/maximum_flow/source_sink_pairs/bipartite2/unicode_super.txt -a 1: 10.840512 ms
./maxflow -v 2 -s 0 -t 1 -f /disk_182a/andrew/maximum_flow/source_sink_pairs/bipartite2/dbpedia-location_super.txt -a 0: 417497.187500 ms
./maxflow -v 2 -s 0 -t 1 -f /disk_182a/andrew/maximum_flow/source_sink_pairs/bipartite2/dbpedia-location_super.txt -a 1: 109098.484375 ms
./maxflow -v 2 -s 0 -t 1 -f /disk_182a/andrew/maximum_flow/source_sink_pairs/bipartite2/movielens-u-t_super.txt -a 0: 566.759644 ms
./maxflow -v 2 -s 0 -t 1 -f /disk_182a/andrew/maximum_flow/source_sink_pairs/bipartite2/movielens-u-t_super.txt -a 1: 380.626282 ms
./maxflow -v 2 -s 0 -t 1 -f /disk_182a/andrew/maximum_flow/source_sink_pairs/bipartite2/movielens-t-i_super.txt -a 0: 570.156494 ms
./maxflow -v 2 -s 0 -t 1 -f /disk_182a/andrew/maximum_flow/source_sink_pairs/bipartite2/movielens-t-i_super.txt -a 1: 421.559845 ms
./maxflow -v 2 -s 0 -t 1 -f /disk_182a/andrew/maximum_flow/source_sink_pairs/bipartite2/marvel_super.txt -a 0: 331.361298 ms
./maxflow -v 2 -s 0 -t 1 -f /disk_182a/andrew/maximum_flow/source_sink_pairs/bipartite2/marvel_super.txt -a 1: 240.465088 ms
./maxflow -v 2 -s 0 -t 1 -f /disk_182a/andrew/maximum_flow/source_sink_pairs/bipartite2/stackoverflow_super.txt -a 0: 631917.625000 ms
./maxflow -v 2 -s 0 -t 1 -f /disk_182a/andrew/maximum_flow/source_sink_pairs/bipartite2/stackoverflow_super.txt -a 1: 267487.031250 ms
./maxflow -v 2 -s 0 -t 1 -f /disk_182a/andrew/maximum_flow/source_sink_pairs/bipartite2/bookcrossing_super.txt -a 0: 128078.640625 ms
./maxflow -v 2 -s 0 -t 1 -f /disk_182a/andrew/maximum_flow/source_sink_pairs/bipartite2/bookcrossing_super.txt -a 1: 70531.062500 ms
./maxflow -v 2 -s 0 -t 1 -f /disk_182a/andrew/maximum_flow/source_sink_pairs/bipartite2/IMDB_actor_super.txt -a 0: 335799.531250 ms
./maxflow -v 2 -s 0 -t 1 -f /disk_182a/andrew/maximum_flow/source_sink_pairs/bipartite2/IMDB_actor_super.txt -a 1: 160420.031250 ms
./maxflow -v 2 -s 0 -t 1 -f /disk_182a/andrew/maximum_flow/source_sink_pairs/bipartite2/dblp-author_super.txt -a 0: 1121432.125000 ms
./maxflow -v 2 -s 0 -t 1 -f /disk_182a/andrew/maximum_flow/source_sink_pairs/bipartite2/dblp-author_super.txt -a 1: 609259.375000 ms
