./maxflow -v 2 -s 0 -t 1 -f /disk_182a/andrew/maximum_flow/source_sink_pairs/SNAP/cap1/soc-pokec_cap1.txt -a 0: 66319.226562 ms
./maxflow -v 2 -s 0 -t 1 -f /disk_182a/andrew/maximum_flow/source_sink_pairs/SNAP/cap1/soc-pokec_cap1.txt -a 1: 34214.179688 ms
./maxflow -v 2 -s 0 -t 1 -f /disk_182a/andrew/maximum_flow/source_sink_pairs/SNAP/cap1/p2p-Gnutella04_super_cap1.txt -a 0: 83.504608 ms
./maxflow -v 2 -s 0 -t 1 -f /disk_182a/andrew/maximum_flow/source_sink_pairs/SNAP/cap1/p2p-Gnutella04_super_cap1.txt -a 1: 72.326462 ms
./maxflow -v 2 -s 0 -t 1 -f /disk_182a/andrew/maximum_flow/source_sink_pairs/SNAP/cap1/ca-HepTh_cap1.txt -a 0: 56.224930 ms
./maxflow -v 2 -s 0 -t 1 -f /disk_182a/andrew/maximum_flow/source_sink_pairs/SNAP/cap1/ca-HepTh_cap1.txt -a 1: 62.841152 ms
./maxflow -v 2 -s 0 -t 1 -f /disk_182a/andrew/maximum_flow/source_sink_pairs/SNAP/cap1/amazon0302_cap1.txt -a 0: 2307.307617 ms
./maxflow -v 2 -s 0 -t 1 -f /disk_182a/andrew/maximum_flow/source_sink_pairs/SNAP/cap1/amazon0302_cap1.txt -a 1: 5191.411133 ms
./maxflow -v 2 -s 0 -t 1 -f /disk_182a/andrew/maximum_flow/source_sink_pairs/SNAP/cap1/web-BerkStan_cap1.txt -a 0: 23959.667969 ms
./maxflow -v 2 -s 0 -t 1 -f /disk_182a/andrew/maximum_flow/source_sink_pairs/SNAP/cap1/web-BerkStan_cap1.txt -a 1: 23596.003906 ms
./maxflow -v 2 -s 0 -t 1 -f /disk_182a/andrew/maximum_flow/source_sink_pairs/SNAP/cap1/web-Google_cap1.txt -a 0: 12165.208984 ms
./maxflow -v 2 -s 0 -t 1 -f /disk_182a/andrew/maximum_flow/source_sink_pairs/SNAP/cap1/web-Google_cap1.txt -a 1: 7927.992188 ms
./maxflow -v 2 -s 0 -t 1 -f /disk_182a/andrew/maximum_flow/source_sink_pairs/SNAP/cap1/cit-Patents_cap1.txt -a 0: 237968.781250 ms
./maxflow -v 2 -s 0 -t 1 -f /disk_182a/andrew/maximum_flow/source_sink_pairs/SNAP/cap1/cit-Patents_cap1.txt -a 1: 2992.602539 ms
./maxflow -v 2 -s 0 -t 1 -f /disk_182a/andrew/maximum_flow/source_sink_pairs/SNAP/cap1/roadNet_CA_cap1.txt -a 0: 70467.890625 ms
./maxflow -v 2 -s 0 -t 1 -f /disk_182a/andrew/maximum_flow/source_sink_pairs/SNAP/cap1/roadNet_CA_cap1.txt -a 1: 32842.125000 ms
./maxflow -v 2 -s 0 -t 1 -f /disk_182a/andrew/maximum_flow/source_sink_pairs/SNAP/cap1/com-orkut_cap1.txt -a 0: 326534.718750 ms
./maxflow -v 2 -s 0 -t 1 -f /disk_182a/andrew/maximum_flow/source_sink_pairs/SNAP/cap1/com-orkut_cap1.txt -a 1: 325351.875000 ms
./maxflow -v 2 -s 0 -t 1 -f /disk_182a/andrew/maximum_flow/source_sink_pairs/SNAP/cap1/soc-LiveJournal1_cap1.txt -a 0: 703076.750000 ms
./maxflow -v 2 -s 0 -t 1 -f /disk_182a/andrew/maximum_flow/source_sink_pairs/SNAP/cap1/soc-LiveJournal1_cap1.txt -a 1: 385912.187500 ms
./maxflow -v 2 -s 0 -t 1 -f /disk_182a/andrew/maximum_flow/source_sink_pairs/SNAP/cap1/com-youtube_cap1.txt -a 0: 91859.640625 ms
./maxflow -v 2 -s 0 -t 1 -f /disk_182a/andrew/maximum_flow/source_sink_pairs/SNAP/cap1/com-youtube_cap1.txt -a 1: 114003.546875 ms
./maxflow -v 2 -s 0 -t 1 -f /disk_182a/andrew/maximum_flow/source_sink_pairs/SNAP/cap1/roadNet_PA_cap1.txt -a 0: 14822.519531 ms
./maxflow -v 2 -s 0 -t 1 -f /disk_182a/andrew/maximum_flow/source_sink_pairs/SNAP/cap1/roadNet_PA_cap1.txt -a 1: 18077.757812 ms
./maxflow -v 2 -s 0 -t 1 -f /disk_182a/andrew/maximum_flow/source_sink_pairs/SNAP/cap1/ca-HepPh_cap1.txt -a 0: 213.865799 ms
./maxflow -v 2 -s 0 -t 1 -f /disk_182a/andrew/maximum_flow/source_sink_pairs/SNAP/cap1/ca-HepPh_cap1.txt -a 1: 141.312012 ms
