Command succeeded: ./maxflow -v 2 -s 0 -t 1 -f /disk_182a/andrew/maximum_flow/source_sink_pairs/SNAP/roadNet_PA_caprandom.txt -a 0
Output:
Loading from DIMACS file: /disk_182a/andrew/maximum_flow/source_sink_pairs/SNAP/roadNet_PA_caprandom.txt
---------<< Graph Status >>---------
Number of nodes: 1088094
Number of edges: 6167672
Average degree: 5.67
Standard deviation of degree: 2.03
Maximum degree: 20 (Node 1088092)
Minimum degree: 2 (Node 1)
Source node: 1088092, Sink node: 1088093
Using thread-centric push-relabel algorithm
V: 1088094, E: 6167672
Initializing cpu_avq
Starting preflow
Excess_total: 400
Starting push_relabel
Inside push_relabel
GPU Device: NVIDIA GeForce RTX 3090
Number of blocks: 82
Number of threads per block: 1024
Shared memory size: 12288
cpu_excess_flow[source]: 0, cpu_excess_flow[sink]: 0
Invoking kernel
Kernel invoked
Before global relabel--------------------
Excess total: 400
Invoking GPU BFS
CPU Excess Total: 400
After global relabel--------------------
Excess total : 238
cpu_excess_flow[source]: 0, cpu_excess_flow[sink]: 88
Invoking kernel
Kernel invoked
Before global relabel--------------------
Excess total: 238
Invoking GPU BFS
CPU Excess Total: 238
After global relabel--------------------
Excess total : 238
cpu_excess_flow[source]: 0, cpu_excess_flow[sink]: 238
Invoking kernel
Kernel invoked
Before global relabel--------------------
Excess total: 238
Invoking GPU BFS
CPU Excess Total: 238
After global relabel--------------------
Excess total : 238
Total kernel time: 14894.660156 ms
The maximum flow value of this flow network as calculated by the parallel implementation is 238, 238

Command failed: ./maxflow -v 2 -s 0 -t 1 -f /disk_182a/andrew/maximum_flow/source_sink_pairs/SNAP/roadNet_PA_caprandom.txt -a 1
Error:
Loading from DIMACS file: /disk_182a/andrew/maximum_flow/source_sink_pairs/SNAP/roadNet_PA_caprandom.txt
---------<< Graph Status >>---------
Number of nodes: 1088094
Number of edges: 6167672
Average degree: 5.67
Standard deviation of degree: 2.03
Maximum degree: 20 (Node 1088092)
Minimum degree: 2 (Node 1)
Source node: 1088092, Sink node: 1088093
Only support thread-centric push-relabel algorithm for now

Command succeeded: ./maxflow -v 2 -s 0 -t 1 -f /disk_182a/andrew/maximum_flow/source_sink_pairs/SNAP/roadNet_CA_caprandom.txt -a 0
Output:
Loading from DIMACS file: /disk_182a/andrew/maximum_flow/source_sink_pairs/SNAP/roadNet_CA_caprandom.txt
---------<< Graph Status >>---------
Number of nodes: 1957029
Number of edges: 5520856
Average degree: 2.82
Standard deviation of degree: 0.99
Maximum degree: 20 (Node 1957027)
Minimum degree: 1 (Node 15)
Source node: 1957027, Sink node: 1957028
Using thread-centric push-relabel algorithm
V: 1957029, E: 5520856
Initializing cpu_avq
Starting preflow
Excess_total: 400
Starting push_relabel
Inside push_relabel
GPU Device: NVIDIA GeForce RTX 3090
Number of blocks: 82
Number of threads per block: 1024
Shared memory size: 12288
cpu_excess_flow[source]: 0, cpu_excess_flow[sink]: 0
Invoking kernel
Kernel invoked
Before global relabel--------------------
Excess total: 400
Invoking GPU BFS
CPU Excess Total: 400
After global relabel--------------------
Excess total : 21
cpu_excess_flow[source]: 0, cpu_excess_flow[sink]: 21
Invoking kernel
Kernel invoked
Before global relabel--------------------
Excess total: 21
Invoking GPU BFS
CPU Excess Total: 21
After global relabel--------------------
Excess total : 21
cpu_excess_flow[source]: 0, cpu_excess_flow[sink]: 21
Invoking kernel
Kernel invoked
Before global relabel--------------------
Excess total: 21
Invoking GPU BFS
CPU Excess Total: 21
After global relabel--------------------
Excess total : 21
Total kernel time: 71938.554688 ms
The maximum flow value of this flow network as calculated by the parallel implementation is 21, 21

Command failed: ./maxflow -v 2 -s 0 -t 1 -f /disk_182a/andrew/maximum_flow/source_sink_pairs/SNAP/roadNet_CA_caprandom.txt -a 1
Error:
Loading from DIMACS file: /disk_182a/andrew/maximum_flow/source_sink_pairs/SNAP/roadNet_CA_caprandom.txt
---------<< Graph Status >>---------
Number of nodes: 1957029
Number of edges: 5520856
Average degree: 2.82
Standard deviation of degree: 0.99
Maximum degree: 20 (Node 1957027)
Minimum degree: 1 (Node 15)
Source node: 1957027, Sink node: 1957028
Only support thread-centric push-relabel algorithm for now

Command succeeded: ./maxflow -v 2 -s 0 -t 1 -f /disk_182a/andrew/maximum_flow/source_sink_pairs/SNAP/soc-LiveJournal1_caprandom.txt -a 0
Output:
Loading from DIMACS file: /disk_182a/andrew/maximum_flow/source_sink_pairs/SNAP/soc-LiveJournal1_caprandom.txt
---------<< Graph Status >>---------
Number of nodes: 4847573
Number of edges: 137987626
Average degree: 28.47
Standard deviation of degree: 72.29
Maximum degree: 22889 (Node 10009)
Minimum degree: 1 (Node 175)
Source node: 4847571, Sink node: 4847572
Using thread-centric push-relabel algorithm
V: 4847573, E: 137987626
Initializing cpu_avq
Starting preflow
Excess_total: 400
Starting push_relabel
Inside push_relabel
GPU Device: NVIDIA GeForce RTX 3090
Number of blocks: 82
Number of threads per block: 1024
Shared memory size: 12288
cpu_excess_flow[source]: 0, cpu_excess_flow[sink]: 0
Invoking kernel
Kernel invoked
Before global relabel--------------------
Excess total: 400
Invoking GPU BFS
CPU Excess Total: 400
After global relabel--------------------
Excess total : 180
cpu_excess_flow[source]: 0, cpu_excess_flow[sink]: 180
Invoking kernel
Kernel invoked
Before global relabel--------------------
Excess total: 180
Invoking GPU BFS
CPU Excess Total: 180
After global relabel--------------------
Excess total : 180
cpu_excess_flow[source]: 0, cpu_excess_flow[sink]: 180
Invoking kernel
Kernel invoked
Before global relabel--------------------
Excess total: 180
Invoking GPU BFS
CPU Excess Total: 180
After global relabel--------------------
Excess total : 180
Total kernel time: 490724.500000 ms
The maximum flow value of this flow network as calculated by the parallel implementation is 180, 180

Command failed: ./maxflow -v 2 -s 0 -t 1 -f /disk_182a/andrew/maximum_flow/source_sink_pairs/SNAP/soc-LiveJournal1_caprandom.txt -a 1
Error:
Loading from DIMACS file: /disk_182a/andrew/maximum_flow/source_sink_pairs/SNAP/soc-LiveJournal1_caprandom.txt
---------<< Graph Status >>---------
Number of nodes: 4847573
Number of edges: 137987626
Average degree: 28.47
Standard deviation of degree: 72.29
Maximum degree: 22889 (Node 10009)
Minimum degree: 1 (Node 175)
Source node: 4847571, Sink node: 4847572
Only support thread-centric push-relabel algorithm for now

