Command succeeded: ./maxflow -v 2 -s 0 -t 1 -f /disk_182a/andrew/maximum_flow/source_sink_pairs/bipartite2/ucforum_super.txt -a 0
Output:
Loading from DIMACS file: /disk_182a/andrew/maximum_flow/source_sink_pairs/bipartite2/ucforum_super.txt
---------<< Graph Status >>---------
Number of nodes: 1423
Number of edges: 17018
Average degree: 11.96
Standard deviation of degree: 29.87
Maximum degree: 899 (Node 1421)
Minimum degree: 1 (Node 1420)
Source node: 1421, Sink node: 1422
Using thread-centric push-relabel algorithm
V: 1423, E: 17018
Initializing cpu_avq
Starting preflow
Excess_total: 899
Starting push_relabel
Inside push_relabel
GPU Device: NVIDIA GeForce RTX 3090
Number of blocks: 82
Number of threads per block: 1024
Shared memory size: 12288
cpu_excess_flow[source]: 0, cpu_excess_flow[sink]: 0
Invoking kernel
Kernel invoked
Before global relabel--------------------
Excess total: 899
Invoking GPU BFS
CPU Excess Total: 899
After global relabel--------------------
Excess total : 516
cpu_excess_flow[source]: 0, cpu_excess_flow[sink]: 516
Invoking kernel
Kernel invoked
Before global relabel--------------------
Excess total: 516
Invoking GPU BFS
CPU Excess Total: 516
After global relabel--------------------
Excess total : 516
cpu_excess_flow[source]: 0, cpu_excess_flow[sink]: 516
Invoking kernel
Kernel invoked
Before global relabel--------------------
Excess total: 516
Invoking GPU BFS
CPU Excess Total: 516
After global relabel--------------------
Excess total : 516
Total kernel time: 28.179585 ms
The maximum flow value of this flow network as calculated by the parallel implementation is 516, 516

Command succeeded: ./maxflow -v 2 -s 0 -t 1 -f /disk_182a/andrew/maximum_flow/source_sink_pairs/bipartite2/ucforum_super.txt -a 1
Output:
Loading from DIMACS file: /disk_182a/andrew/maximum_flow/source_sink_pairs/bipartite2/ucforum_super.txt
---------<< Graph Status >>---------
Number of nodes: 1423
Number of edges: 17018
Average degree: 11.96
Standard deviation of degree: 29.87
Maximum degree: 899 (Node 1421)
Minimum degree: 1 (Node 1420)
Source node: 1421, Sink node: 1422
Using vertex-centric push-relabel algorithm
V: 1423, E: 17018
Initializing cpu_avq
Starting preflow
Excess_total: 899
Starting push_relabel
Inside push_relabel
GPU Device: NVIDIA GeForce RTX 3090
Number of blocks: 82
Number of threads per block: 1024
Shared memory size: 12288
cpu_excess_flow[source]: 0, cpu_excess_flow[sink]: 0
Invoking kernel
Kernel invoked
Before global relabel--------------------
Excess total: 899
Invoking GPU BFS
CPU Excess Total: 899
After global relabel--------------------
Excess total : 516
cpu_excess_flow[source]: 0, cpu_excess_flow[sink]: 516
Invoking kernel
Kernel invoked
Before global relabel--------------------
Excess total: 516
Invoking GPU BFS
CPU Excess Total: 516
After global relabel--------------------
Excess total : 516
cpu_excess_flow[source]: 0, cpu_excess_flow[sink]: 516
Invoking kernel
Kernel invoked
Before global relabel--------------------
Excess total: 516
Invoking GPU BFS
CPU Excess Total: 516
After global relabel--------------------
Excess total : 516
Total kernel time: 19.833376 ms
The maximum flow value of this flow network as calculated by the parallel implementation is 516, 516

Command succeeded: ./maxflow -v 2 -s 0 -t 1 -f /disk_182a/andrew/maximum_flow/source_sink_pairs/bipartite2/movielens-u-i_super.txt -a 0
Output:
Loading from DIMACS file: /disk_182a/andrew/maximum_flow/source_sink_pairs/bipartite2/movielens-u-i_super.txt
---------<< Graph Status >>---------
Number of nodes: 11612
Number of edges: 134186
Average degree: 11.56
Standard deviation of degree: 89.82
Maximum degree: 7600 (Node 11611)
Minimum degree: 1 (Node 11609)
Source node: 11610, Sink node: 11611
Using thread-centric push-relabel algorithm
V: 11612, E: 134186
Initializing cpu_avq
Starting preflow
Excess_total: 4009
Starting push_relabel
Inside push_relabel
GPU Device: NVIDIA GeForce RTX 3090
Number of blocks: 82
Number of threads per block: 1024
Shared memory size: 12288
cpu_excess_flow[source]: 0, cpu_excess_flow[sink]: 0
Invoking kernel
Kernel invoked
Before global relabel--------------------
Excess total: 4009
Invoking GPU BFS
CPU Excess Total: 4009
After global relabel--------------------
Excess total : 2836
cpu_excess_flow[source]: 0, cpu_excess_flow[sink]: 2836
Invoking kernel
Kernel invoked
Before global relabel--------------------
Excess total: 2836
Invoking GPU BFS
CPU Excess Total: 2836
After global relabel--------------------
Excess total : 2836
cpu_excess_flow[source]: 0, cpu_excess_flow[sink]: 2836
Invoking kernel
Kernel invoked
Before global relabel--------------------
Excess total: 2836
Invoking GPU BFS
CPU Excess Total: 2836
After global relabel--------------------
Excess total : 2836
Total kernel time: 248.687012 ms
The maximum flow value of this flow network as calculated by the parallel implementation is 2836, 2836

Command succeeded: ./maxflow -v 2 -s 0 -t 1 -f /disk_182a/andrew/maximum_flow/source_sink_pairs/bipartite2/movielens-u-i_super.txt -a 1
Output:
Loading from DIMACS file: /disk_182a/andrew/maximum_flow/source_sink_pairs/bipartite2/movielens-u-i_super.txt
---------<< Graph Status >>---------
Number of nodes: 11612
Number of edges: 134186
Average degree: 11.56
Standard deviation of degree: 89.82
Maximum degree: 7600 (Node 11611)
Minimum degree: 1 (Node 11609)
Source node: 11610, Sink node: 11611
Using vertex-centric push-relabel algorithm
V: 11612, E: 134186
Initializing cpu_avq
Starting preflow
Excess_total: 4009
Starting push_relabel
Inside push_relabel
GPU Device: NVIDIA GeForce RTX 3090
Number of blocks: 82
Number of threads per block: 1024
Shared memory size: 12288
cpu_excess_flow[source]: 0, cpu_excess_flow[sink]: 0
Invoking kernel
Kernel invoked
Before global relabel--------------------
Excess total: 4009
Invoking GPU BFS
CPU Excess Total: 4009
After global relabel--------------------
Excess total : 2836
cpu_excess_flow[source]: 0, cpu_excess_flow[sink]: 2836
Invoking kernel
Kernel invoked
Before global relabel--------------------
Excess total: 2836
Invoking GPU BFS
CPU Excess Total: 2836
After global relabel--------------------
Excess total : 2836
cpu_excess_flow[source]: 0, cpu_excess_flow[sink]: 2836
Invoking kernel
Kernel invoked
Before global relabel--------------------
Excess total: 2836
Invoking GPU BFS
CPU Excess Total: 2836
After global relabel--------------------
Excess total : 2836
Total kernel time: 169.959946 ms
The maximum flow value of this flow network as calculated by the parallel implementation is 2836, 2836

Command succeeded: ./maxflow -v 2 -s 0 -t 1 -f /disk_182a/andrew/maximum_flow/source_sink_pairs/bipartite2/youtube_super.txt -a 0
Output:
Loading from DIMACS file: /disk_182a/andrew/maximum_flow/source_sink_pairs/bipartite2/youtube_super.txt
---------<< Graph Status >>---------
Number of nodes: 124327
Number of edges: 835368
Average degree: 6.72
Standard deviation of degree: 282.51
Maximum degree: 94238 (Node 124325)
Minimum degree: 1 (Node 124324)
Source node: 124325, Sink node: 124326
Using thread-centric push-relabel algorithm
V: 124327, E: 835368
Initializing cpu_avq
Starting preflow
Excess_total: 94238
Starting push_relabel
Inside push_relabel
GPU Device: NVIDIA GeForce RTX 3090
Number of blocks: 82
Number of threads per block: 1024
Shared memory size: 12288
cpu_excess_flow[source]: 0, cpu_excess_flow[sink]: 0
Invoking kernel
Kernel invoked
Before global relabel--------------------
Excess total: 94238
Invoking GPU BFS
CPU Excess Total: 94238
After global relabel--------------------
Excess total : 25624
cpu_excess_flow[source]: 0, cpu_excess_flow[sink]: 25624
Invoking kernel
Kernel invoked
Before global relabel--------------------
Excess total: 25624
Invoking GPU BFS
CPU Excess Total: 25624
After global relabel--------------------
Excess total : 25624
cpu_excess_flow[source]: 0, cpu_excess_flow[sink]: 25624
Invoking kernel
Kernel invoked
Before global relabel--------------------
Excess total: 25624
Invoking GPU BFS
CPU Excess Total: 25624
After global relabel--------------------
Excess total : 25624
Total kernel time: 110625.664062 ms
The maximum flow value of this flow network as calculated by the parallel implementation is 25624, 25624

Command succeeded: ./maxflow -v 2 -s 0 -t 1 -f /disk_182a/andrew/maximum_flow/source_sink_pairs/bipartite2/youtube_super.txt -a 1
Output:
Loading from DIMACS file: /disk_182a/andrew/maximum_flow/source_sink_pairs/bipartite2/youtube_super.txt
---------<< Graph Status >>---------
Number of nodes: 124327
Number of edges: 835368
Average degree: 6.72
Standard deviation of degree: 282.51
Maximum degree: 94238 (Node 124325)
Minimum degree: 1 (Node 124324)
Source node: 124325, Sink node: 124326
Using vertex-centric push-relabel algorithm
V: 124327, E: 835368
Initializing cpu_avq
Starting preflow
Excess_total: 94238
Starting push_relabel
Inside push_relabel
GPU Device: NVIDIA GeForce RTX 3090
Number of blocks: 82
Number of threads per block: 1024
Shared memory size: 12288
cpu_excess_flow[source]: 0, cpu_excess_flow[sink]: 0
Invoking kernel
Kernel invoked
Before global relabel--------------------
Excess total: 94238
Invoking GPU BFS
CPU Excess Total: 94238
After global relabel--------------------
Excess total : 25624
cpu_excess_flow[source]: 0, cpu_excess_flow[sink]: 25624
Invoking kernel
Kernel invoked
Before global relabel--------------------
Excess total: 25624
Invoking GPU BFS
CPU Excess Total: 25624
After global relabel--------------------
Excess total : 25624
cpu_excess_flow[source]: 0, cpu_excess_flow[sink]: 25624
Invoking kernel
Kernel invoked
Before global relabel--------------------
Excess total: 25624
Invoking GPU BFS
CPU Excess Total: 25624
After global relabel--------------------
Excess total : 25624
Total kernel time: 36136.136719 ms
The maximum flow value of this flow network as calculated by the parallel implementation is 25624, 25624

Command succeeded: ./maxflow -v 2 -s 0 -t 1 -f /disk_182a/andrew/maximum_flow/source_sink_pairs/bipartite2/corporate-leadership_super.txt -a 0
Output:
Loading from DIMACS file: /disk_182a/andrew/maximum_flow/source_sink_pairs/bipartite2/corporate-leadership_super.txt
---------<< Graph Status >>---------
Number of nodes: 46
Number of edges: 284
Average degree: 6.17
Standard deviation of degree: 4.22
Maximum degree: 23 (Node 45)
Minimum degree: 2 (Node 43)
Source node: 44, Sink node: 45
Using thread-centric push-relabel algorithm
V: 46, E: 284
Initializing cpu_avq
Starting preflow
Excess_total: 20
Starting push_relabel
Inside push_relabel
GPU Device: NVIDIA GeForce RTX 3090
Number of blocks: 82
Number of threads per block: 1024
Shared memory size: 12288
cpu_excess_flow[source]: 0, cpu_excess_flow[sink]: 0
Invoking kernel
Kernel invoked
Before global relabel--------------------
Excess total: 20
Invoking GPU BFS
CPU Excess Total: 20
After global relabel--------------------
Excess total : 20
cpu_excess_flow[source]: 0, cpu_excess_flow[sink]: 20
Invoking kernel
Kernel invoked
Before global relabel--------------------
Excess total: 20
Invoking GPU BFS
CPU Excess Total: 20
After global relabel--------------------
Excess total : 20
cpu_excess_flow[source]: 0, cpu_excess_flow[sink]: 20
Invoking kernel
Kernel invoked
Before global relabel--------------------
Excess total: 20
Invoking GPU BFS
CPU Excess Total: 20
After global relabel--------------------
Excess total : 20
Total kernel time: 1.103744 ms
The maximum flow value of this flow network as calculated by the parallel implementation is 20, 20

Command succeeded: ./maxflow -v 2 -s 0 -t 1 -f /disk_182a/andrew/maximum_flow/source_sink_pairs/bipartite2/corporate-leadership_super.txt -a 1
Output:
Loading from DIMACS file: /disk_182a/andrew/maximum_flow/source_sink_pairs/bipartite2/corporate-leadership_super.txt
---------<< Graph Status >>---------
Number of nodes: 46
Number of edges: 284
Average degree: 6.17
Standard deviation of degree: 4.22
Maximum degree: 23 (Node 45)
Minimum degree: 2 (Node 43)
Source node: 44, Sink node: 45
Using vertex-centric push-relabel algorithm
V: 46, E: 284
Initializing cpu_avq
Starting preflow
Excess_total: 20
Starting push_relabel
Inside push_relabel
GPU Device: NVIDIA GeForce RTX 3090
Number of blocks: 82
Number of threads per block: 1024
Shared memory size: 12288
cpu_excess_flow[source]: 0, cpu_excess_flow[sink]: 0
Invoking kernel
Kernel invoked
Before global relabel--------------------
Excess total: 20
Invoking GPU BFS
CPU Excess Total: 20
After global relabel--------------------
Excess total : 20
cpu_excess_flow[source]: 0, cpu_excess_flow[sink]: 20
Invoking kernel
Kernel invoked
Before global relabel--------------------
Excess total: 20
Invoking GPU BFS
CPU Excess Total: 20
After global relabel--------------------
Excess total : 20
cpu_excess_flow[source]: 0, cpu_excess_flow[sink]: 20
Invoking kernel
Kernel invoked
Before global relabel--------------------
Excess total: 20
Invoking GPU BFS
CPU Excess Total: 20
After global relabel--------------------
Excess total : 20
Total kernel time: 1.006720 ms
The maximum flow value of this flow network as calculated by the parallel implementation is 20, 20

Command succeeded: ./maxflow -v 2 -s 0 -t 1 -f /disk_182a/andrew/maximum_flow/source_sink_pairs/bipartite2/unicode_super.txt -a 0
Output:
Loading from DIMACS file: /disk_182a/andrew/maximum_flow/source_sink_pairs/bipartite2/unicode_super.txt
---------<< Graph Status >>---------
Number of nodes: 870
Number of edges: 4244
Average degree: 4.88
Standard deviation of degree: 23.29
Maximum degree: 613 (Node 869)
Minimum degree: 1 (Node 867)
Source node: 868, Sink node: 869
Using thread-centric push-relabel algorithm
V: 870, E: 4244
Initializing cpu_avq
Starting preflow
Excess_total: 254
Starting push_relabel
Inside push_relabel
GPU Device: NVIDIA GeForce RTX 3090
Number of blocks: 82
Number of threads per block: 1024
Shared memory size: 12288
cpu_excess_flow[source]: 0, cpu_excess_flow[sink]: 0
Invoking kernel
Kernel invoked
Before global relabel--------------------
Excess total: 254
Invoking GPU BFS
CPU Excess Total: 254
After global relabel--------------------
Excess total : 188
cpu_excess_flow[source]: 0, cpu_excess_flow[sink]: 188
Invoking kernel
Kernel invoked
Before global relabel--------------------
Excess total: 188
Invoking GPU BFS
CPU Excess Total: 188
After global relabel--------------------
Excess total : 188
cpu_excess_flow[source]: 0, cpu_excess_flow[sink]: 188
Invoking kernel
Kernel invoked
Before global relabel--------------------
Excess total: 188
Invoking GPU BFS
CPU Excess Total: 188
After global relabel--------------------
Excess total : 188
Total kernel time: 13.925119 ms
The maximum flow value of this flow network as calculated by the parallel implementation is 188, 188

Command succeeded: ./maxflow -v 2 -s 0 -t 1 -f /disk_182a/andrew/maximum_flow/source_sink_pairs/bipartite2/unicode_super.txt -a 1
Output:
Loading from DIMACS file: /disk_182a/andrew/maximum_flow/source_sink_pairs/bipartite2/unicode_super.txt
---------<< Graph Status >>---------
Number of nodes: 870
Number of edges: 4244
Average degree: 4.88
Standard deviation of degree: 23.29
Maximum degree: 613 (Node 869)
Minimum degree: 1 (Node 867)
Source node: 868, Sink node: 869
Using vertex-centric push-relabel algorithm
V: 870, E: 4244
Initializing cpu_avq
Starting preflow
Excess_total: 254
Starting push_relabel
Inside push_relabel
GPU Device: NVIDIA GeForce RTX 3090
Number of blocks: 82
Number of threads per block: 1024
Shared memory size: 12288
cpu_excess_flow[source]: 0, cpu_excess_flow[sink]: 0
Invoking kernel
Kernel invoked
Before global relabel--------------------
Excess total: 254
Invoking GPU BFS
CPU Excess Total: 254
After global relabel--------------------
Excess total : 188
cpu_excess_flow[source]: 0, cpu_excess_flow[sink]: 188
Invoking kernel
Kernel invoked
Before global relabel--------------------
Excess total: 188
Invoking GPU BFS
CPU Excess Total: 188
After global relabel--------------------
Excess total : 188
cpu_excess_flow[source]: 0, cpu_excess_flow[sink]: 188
Invoking kernel
Kernel invoked
Before global relabel--------------------
Excess total: 188
Invoking GPU BFS
CPU Excess Total: 188
After global relabel--------------------
Excess total : 188
Total kernel time: 10.840512 ms
The maximum flow value of this flow network as calculated by the parallel implementation is 188, 188

Command succeeded: ./maxflow -v 2 -s 0 -t 1 -f /disk_182a/andrew/maximum_flow/source_sink_pairs/bipartite2/dbpedia-location_super.txt -a 0
Output:
Loading from DIMACS file: /disk_182a/andrew/maximum_flow/source_sink_pairs/bipartite2/dbpedia-location_super.txt
---------<< Graph Status >>---------
Number of nodes: 225476
Number of edges: 1038364
Average degree: 4.61
Standard deviation of degree: 380.86
Maximum degree: 172079 (Node 225474)
Minimum degree: 1 (Node 225473)
Source node: 225474, Sink node: 225475
Using thread-centric push-relabel algorithm
V: 225476, E: 1038364
Initializing cpu_avq
Starting preflow
Excess_total: 172079
Starting push_relabel
Inside push_relabel
GPU Device: NVIDIA GeForce RTX 3090
Number of blocks: 82
Number of threads per block: 1024
Shared memory size: 12288
cpu_excess_flow[source]: 0, cpu_excess_flow[sink]: 0
Invoking kernel
Kernel invoked
Before global relabel--------------------
Excess total: 172079
Invoking GPU BFS
CPU Excess Total: 172079
After global relabel--------------------
Excess total : 50595
cpu_excess_flow[source]: 0, cpu_excess_flow[sink]: 50595
Invoking kernel
Kernel invoked
Before global relabel--------------------
Excess total: 50595
Invoking GPU BFS
CPU Excess Total: 50595
After global relabel--------------------
Excess total : 50595
cpu_excess_flow[source]: 0, cpu_excess_flow[sink]: 50595
Invoking kernel
Kernel invoked
Before global relabel--------------------
Excess total: 50595
Invoking GPU BFS
CPU Excess Total: 50595
After global relabel--------------------
Excess total : 50595
Total kernel time: 417497.187500 ms
The maximum flow value of this flow network as calculated by the parallel implementation is 50595, 50595

Command succeeded: ./maxflow -v 2 -s 0 -t 1 -f /disk_182a/andrew/maximum_flow/source_sink_pairs/bipartite2/dbpedia-location_super.txt -a 1
Output:
Loading from DIMACS file: /disk_182a/andrew/maximum_flow/source_sink_pairs/bipartite2/dbpedia-location_super.txt
---------<< Graph Status >>---------
Number of nodes: 225476
Number of edges: 1038364
Average degree: 4.61
Standard deviation of degree: 380.86
Maximum degree: 172079 (Node 225474)
Minimum degree: 1 (Node 225473)
Source node: 225474, Sink node: 225475
Using vertex-centric push-relabel algorithm
V: 225476, E: 1038364
Initializing cpu_avq
Starting preflow
Excess_total: 172079
Starting push_relabel
Inside push_relabel
GPU Device: NVIDIA GeForce RTX 3090
Number of blocks: 82
Number of threads per block: 1024
Shared memory size: 12288
cpu_excess_flow[source]: 0, cpu_excess_flow[sink]: 0
Invoking kernel
Kernel invoked
Before global relabel--------------------
Excess total: 172079
Invoking GPU BFS
CPU Excess Total: 172079
After global relabel--------------------
Excess total : 50595
cpu_excess_flow[source]: 0, cpu_excess_flow[sink]: 50595
Invoking kernel
Kernel invoked
Before global relabel--------------------
Excess total: 50595
Invoking GPU BFS
CPU Excess Total: 50595
After global relabel--------------------
Excess total : 50595
cpu_excess_flow[source]: 0, cpu_excess_flow[sink]: 50595
Invoking kernel
Kernel invoked
Before global relabel--------------------
Excess total: 50595
Invoking GPU BFS
CPU Excess Total: 50595
After global relabel--------------------
Excess total : 50595
Total kernel time: 109098.484375 ms
The maximum flow value of this flow network as calculated by the parallel implementation is 50595, 50595

Command succeeded: ./maxflow -v 2 -s 0 -t 1 -f /disk_182a/andrew/maximum_flow/source_sink_pairs/bipartite2/movielens-u-t_super.txt -a 0
Output:
Loading from DIMACS file: /disk_182a/andrew/maximum_flow/source_sink_pairs/bipartite2/movielens-u-t_super.txt
---------<< Graph Status >>---------
Number of nodes: 20539
Number of edges: 128592
Average degree: 6.26
Standard deviation of degree: 121.84
Maximum degree: 16527 (Node 20538)
Minimum degree: 1 (Node 20536)
Source node: 20537, Sink node: 20538
Using thread-centric push-relabel algorithm
V: 20539, E: 128592
Initializing cpu_avq
Starting preflow
Excess_total: 4009
Starting push_relabel
Inside push_relabel
GPU Device: NVIDIA GeForce RTX 3090
Number of blocks: 82
Number of threads per block: 1024
Shared memory size: 12288
cpu_excess_flow[source]: 0, cpu_excess_flow[sink]: 0
Invoking kernel
Kernel invoked
Before global relabel--------------------
Excess total: 4009
Invoking GPU BFS
CPU Excess Total: 4009
After global relabel--------------------
Excess total : 3258
cpu_excess_flow[source]: 0, cpu_excess_flow[sink]: 3258
Invoking kernel
Kernel invoked
Before global relabel--------------------
Excess total: 3258
Invoking GPU BFS
CPU Excess Total: 3258
After global relabel--------------------
Excess total : 3258
cpu_excess_flow[source]: 0, cpu_excess_flow[sink]: 3258
Invoking kernel
Kernel invoked
Before global relabel--------------------
Excess total: 3258
Invoking GPU BFS
CPU Excess Total: 3258
After global relabel--------------------
Excess total : 3258
Total kernel time: 566.759644 ms
The maximum flow value of this flow network as calculated by the parallel implementation is 3258, 3258

Command succeeded: ./maxflow -v 2 -s 0 -t 1 -f /disk_182a/andrew/maximum_flow/source_sink_pairs/bipartite2/movielens-u-t_super.txt -a 1
Output:
Loading from DIMACS file: /disk_182a/andrew/maximum_flow/source_sink_pairs/bipartite2/movielens-u-t_super.txt
---------<< Graph Status >>---------
Number of nodes: 20539
Number of edges: 128592
Average degree: 6.26
Standard deviation of degree: 121.84
Maximum degree: 16527 (Node 20538)
Minimum degree: 1 (Node 20536)
Source node: 20537, Sink node: 20538
Using vertex-centric push-relabel algorithm
V: 20539, E: 128592
Initializing cpu_avq
Starting preflow
Excess_total: 4009
Starting push_relabel
Inside push_relabel
GPU Device: NVIDIA GeForce RTX 3090
Number of blocks: 82
Number of threads per block: 1024
Shared memory size: 12288
cpu_excess_flow[source]: 0, cpu_excess_flow[sink]: 0
Invoking kernel
Kernel invoked
Before global relabel--------------------
Excess total: 4009
Invoking GPU BFS
CPU Excess Total: 4009
After global relabel--------------------
Excess total : 3258
cpu_excess_flow[source]: 0, cpu_excess_flow[sink]: 3258
Invoking kernel
Kernel invoked
Before global relabel--------------------
Excess total: 3258
Invoking GPU BFS
CPU Excess Total: 3258
After global relabel--------------------
Excess total : 3258
cpu_excess_flow[source]: 0, cpu_excess_flow[sink]: 3258
Invoking kernel
Kernel invoked
Before global relabel--------------------
Excess total: 3258
Invoking GPU BFS
CPU Excess Total: 3258
After global relabel--------------------
Excess total : 3258
Total kernel time: 380.626282 ms
The maximum flow value of this flow network as calculated by the parallel implementation is 3258, 3258

Command succeeded: ./maxflow -v 2 -s 0 -t 1 -f /disk_182a/andrew/maximum_flow/source_sink_pairs/bipartite2/movielens-t-i_super.txt -a 0
Output:
Loading from DIMACS file: /disk_182a/andrew/maximum_flow/source_sink_pairs/bipartite2/movielens-t-i_super.txt
---------<< Graph Status >>---------
Number of nodes: 24131
Number of edges: 190564
Average degree: 7.90
Standard deviation of degree: 118.06
Maximum degree: 16528 (Node 24129)
Minimum degree: 1 (Node 24128)
Source node: 24129, Sink node: 24130
Using thread-centric push-relabel algorithm
V: 24131, E: 190564
Initializing cpu_avq
Starting preflow
Excess_total: 16528
Starting push_relabel
Inside push_relabel
GPU Device: NVIDIA GeForce RTX 3090
Number of blocks: 82
Number of threads per block: 1024
Shared memory size: 12288
cpu_excess_flow[source]: 0, cpu_excess_flow[sink]: 0
Invoking kernel
Kernel invoked
Before global relabel--------------------
Excess total: 16528
Invoking GPU BFS
CPU Excess Total: 16528
After global relabel--------------------
Excess total : 5882
cpu_excess_flow[source]: 0, cpu_excess_flow[sink]: 5882
Invoking kernel
Kernel invoked
Before global relabel--------------------
Excess total: 5882
Invoking GPU BFS
CPU Excess Total: 5882
After global relabel--------------------
Excess total : 5882
cpu_excess_flow[source]: 0, cpu_excess_flow[sink]: 5882
Invoking kernel
Kernel invoked
Before global relabel--------------------
Excess total: 5882
Invoking GPU BFS
CPU Excess Total: 5882
After global relabel--------------------
Excess total : 5882
Total kernel time: 570.156494 ms
The maximum flow value of this flow network as calculated by the parallel implementation is 5882, 5882

Command succeeded: ./maxflow -v 2 -s 0 -t 1 -f /disk_182a/andrew/maximum_flow/source_sink_pairs/bipartite2/movielens-t-i_super.txt -a 1
Output:
Loading from DIMACS file: /disk_182a/andrew/maximum_flow/source_sink_pairs/bipartite2/movielens-t-i_super.txt
---------<< Graph Status >>---------
Number of nodes: 24131
Number of edges: 190564
Average degree: 7.90
Standard deviation of degree: 118.06
Maximum degree: 16528 (Node 24129)
Minimum degree: 1 (Node 24128)
Source node: 24129, Sink node: 24130
Using vertex-centric push-relabel algorithm
V: 24131, E: 190564
Initializing cpu_avq
Starting preflow
Excess_total: 16528
Starting push_relabel
Inside push_relabel
GPU Device: NVIDIA GeForce RTX 3090
Number of blocks: 82
Number of threads per block: 1024
Shared memory size: 12288
cpu_excess_flow[source]: 0, cpu_excess_flow[sink]: 0
Invoking kernel
Kernel invoked
Before global relabel--------------------
Excess total: 16528
Invoking GPU BFS
CPU Excess Total: 16528
After global relabel--------------------
Excess total : 5882
cpu_excess_flow[source]: 0, cpu_excess_flow[sink]: 5882
Invoking kernel
Kernel invoked
Before global relabel--------------------
Excess total: 5882
Invoking GPU BFS
CPU Excess Total: 5882
After global relabel--------------------
Excess total : 5882
cpu_excess_flow[source]: 0, cpu_excess_flow[sink]: 5882
Invoking kernel
Kernel invoked
Before global relabel--------------------
Excess total: 5882
Invoking GPU BFS
CPU Excess Total: 5882
After global relabel--------------------
Excess total : 5882
Total kernel time: 421.559845 ms
The maximum flow value of this flow network as calculated by the parallel implementation is 5882, 5882

Command succeeded: ./maxflow -v 2 -s 0 -t 1 -f /disk_182a/andrew/maximum_flow/source_sink_pairs/bipartite2/marvel_super.txt -a 0
Output:
Loading from DIMACS file: /disk_182a/andrew/maximum_flow/source_sink_pairs/bipartite2/marvel_super.txt
---------<< Graph Status >>---------
Number of nodes: 19430
Number of edges: 232178
Average degree: 11.95
Standard deviation of degree: 109.53
Maximum degree: 12941 (Node 19429)
Minimum degree: 1 (Node 19427)
Source node: 19428, Sink node: 19429
Using thread-centric push-relabel algorithm
V: 19430, E: 232178
Initializing cpu_avq
Starting preflow
Excess_total: 6486
Starting push_relabel
Inside push_relabel
GPU Device: NVIDIA GeForce RTX 3090
Number of blocks: 82
Number of threads per block: 1024
Shared memory size: 12288
cpu_excess_flow[source]: 0, cpu_excess_flow[sink]: 0
Invoking kernel
Kernel invoked
Before global relabel--------------------
Excess total: 6486
Invoking GPU BFS
CPU Excess Total: 6486
After global relabel--------------------
Excess total : 5057
cpu_excess_flow[source]: 0, cpu_excess_flow[sink]: 5057
Invoking kernel
Kernel invoked
Before global relabel--------------------
Excess total: 5057
Invoking GPU BFS
CPU Excess Total: 5057
After global relabel--------------------
Excess total : 5057
cpu_excess_flow[source]: 0, cpu_excess_flow[sink]: 5057
Invoking kernel
Kernel invoked
Before global relabel--------------------
Excess total: 5057
Invoking GPU BFS
CPU Excess Total: 5057
After global relabel--------------------
Excess total : 5057
Total kernel time: 331.361298 ms
The maximum flow value of this flow network as calculated by the parallel implementation is 5057, 5057

Command succeeded: ./maxflow -v 2 -s 0 -t 1 -f /disk_182a/andrew/maximum_flow/source_sink_pairs/bipartite2/marvel_super.txt -a 1
Output:
Loading from DIMACS file: /disk_182a/andrew/maximum_flow/source_sink_pairs/bipartite2/marvel_super.txt
---------<< Graph Status >>---------
Number of nodes: 19430
Number of edges: 232178
Average degree: 11.95
Standard deviation of degree: 109.53
Maximum degree: 12941 (Node 19429)
Minimum degree: 1 (Node 19427)
Source node: 19428, Sink node: 19429
Using vertex-centric push-relabel algorithm
V: 19430, E: 232178
Initializing cpu_avq
Starting preflow
Excess_total: 6486
Starting push_relabel
Inside push_relabel
GPU Device: NVIDIA GeForce RTX 3090
Number of blocks: 82
Number of threads per block: 1024
Shared memory size: 12288
cpu_excess_flow[source]: 0, cpu_excess_flow[sink]: 0
Invoking kernel
Kernel invoked
Before global relabel--------------------
Excess total: 6486
Invoking GPU BFS
CPU Excess Total: 6486
After global relabel--------------------
Excess total : 5057
cpu_excess_flow[source]: 0, cpu_excess_flow[sink]: 5057
Invoking kernel
Kernel invoked
Before global relabel--------------------
Excess total: 5057
Invoking GPU BFS
CPU Excess Total: 5057
After global relabel--------------------
Excess total : 5057
cpu_excess_flow[source]: 0, cpu_excess_flow[sink]: 5057
Invoking kernel
Kernel invoked
Before global relabel--------------------
Excess total: 5057
Invoking GPU BFS
CPU Excess Total: 5057
After global relabel--------------------
Excess total : 5057
Total kernel time: 240.465088 ms
The maximum flow value of this flow network as calculated by the parallel implementation is 5057, 5057

Command succeeded: ./maxflow -v 2 -s 0 -t 1 -f /disk_182a/andrew/maximum_flow/source_sink_pairs/bipartite2/stackoverflow_super.txt -a 0
Output:
Loading from DIMACS file: /disk_182a/andrew/maximum_flow/source_sink_pairs/bipartite2/stackoverflow_super.txt
---------<< Graph Status >>---------
Number of nodes: 641874
Number of edges: 3887628
Average degree: 6.06
Standard deviation of degree: 691.56
Maximum degree: 545195 (Node 641872)
Minimum degree: 1 (Node 641871)
Source node: 641872, Sink node: 641873
Using thread-centric push-relabel algorithm
V: 641874, E: 3887628
Initializing cpu_avq
Starting preflow
Excess_total: 545195
Starting push_relabel
Inside push_relabel
GPU Device: NVIDIA GeForce RTX 3090
Number of blocks: 82
Number of threads per block: 1024
Shared memory size: 12288
cpu_excess_flow[source]: 0, cpu_excess_flow[sink]: 0
Invoking kernel
Kernel invoked
Before global relabel--------------------
Excess total: 545195
Invoking GPU BFS
CPU Excess Total: 545195
After global relabel--------------------
Excess total : 90537
cpu_excess_flow[source]: 0, cpu_excess_flow[sink]: 90537
Invoking kernel
Kernel invoked
Before global relabel--------------------
Excess total: 90537
Invoking GPU BFS
CPU Excess Total: 90537
After global relabel--------------------
Excess total : 90537
cpu_excess_flow[source]: 0, cpu_excess_flow[sink]: 90537
Invoking kernel
Kernel invoked
Before global relabel--------------------
Excess total: 90537
Invoking GPU BFS
CPU Excess Total: 90537
After global relabel--------------------
Excess total : 90537
Total kernel time: 631917.625000 ms
The maximum flow value of this flow network as calculated by the parallel implementation is 90537, 90537

Command succeeded: ./maxflow -v 2 -s 0 -t 1 -f /disk_182a/andrew/maximum_flow/source_sink_pairs/bipartite2/stackoverflow_super.txt -a 1
Output:
Loading from DIMACS file: /disk_182a/andrew/maximum_flow/source_sink_pairs/bipartite2/stackoverflow_super.txt
---------<< Graph Status >>---------
Number of nodes: 641874
Number of edges: 3887628
Average degree: 6.06
Standard deviation of degree: 691.56
Maximum degree: 545195 (Node 641872)
Minimum degree: 1 (Node 641871)
Source node: 641872, Sink node: 641873
Using vertex-centric push-relabel algorithm
V: 641874, E: 3887628
Initializing cpu_avq
Starting preflow
Excess_total: 545195
Starting push_relabel
Inside push_relabel
GPU Device: NVIDIA GeForce RTX 3090
Number of blocks: 82
Number of threads per block: 1024
Shared memory size: 12288
cpu_excess_flow[source]: 0, cpu_excess_flow[sink]: 0
Invoking kernel
Kernel invoked
Before global relabel--------------------
Excess total: 545195
Invoking GPU BFS
CPU Excess Total: 545195
After global relabel--------------------
Excess total : 90537
cpu_excess_flow[source]: 0, cpu_excess_flow[sink]: 90537
Invoking kernel
Kernel invoked
Before global relabel--------------------
Excess total: 90537
Invoking GPU BFS
CPU Excess Total: 90537
After global relabel--------------------
Excess total : 90537
cpu_excess_flow[source]: 0, cpu_excess_flow[sink]: 90537
Invoking kernel
Kernel invoked
Before global relabel--------------------
Excess total: 90537
Invoking GPU BFS
CPU Excess Total: 90537
After global relabel--------------------
Excess total : 90537
Total kernel time: 267487.031250 ms
The maximum flow value of this flow network as calculated by the parallel implementation is 90537, 90537

Command succeeded: ./maxflow -v 2 -s 0 -t 1 -f /disk_182a/andrew/maximum_flow/source_sink_pairs/bipartite2/bookcrossing_super.txt -a 0
Output:
Loading from DIMACS file: /disk_182a/andrew/maximum_flow/source_sink_pairs/bipartite2/bookcrossing_super.txt
---------<< Graph Status >>---------
Number of nodes: 445803
Number of edges: 3191078
Average degree: 7.16
Standard deviation of degree: 535.74
Maximum degree: 340522 (Node 445802)
Minimum degree: 1 (Node 445800)
Source node: 445801, Sink node: 445802
Using thread-centric push-relabel algorithm
V: 445803, E: 3191078
Initializing cpu_avq
Starting preflow
Excess_total: 105278
Starting push_relabel
Inside push_relabel
GPU Device: NVIDIA GeForce RTX 3090
Number of blocks: 82
Number of threads per block: 1024
Shared memory size: 12288
cpu_excess_flow[source]: 0, cpu_excess_flow[sink]: 0
Invoking kernel
Kernel invoked
Before global relabel--------------------
Excess total: 105278
Invoking GPU BFS
CPU Excess Total: 105278
After global relabel--------------------
Excess total : 75444
cpu_excess_flow[source]: 0, cpu_excess_flow[sink]: 75444
Invoking kernel
Kernel invoked
Before global relabel--------------------
Excess total: 75444
Invoking GPU BFS
CPU Excess Total: 75444
After global relabel--------------------
Excess total : 75444
cpu_excess_flow[source]: 0, cpu_excess_flow[sink]: 75444
Invoking kernel
Kernel invoked
Before global relabel--------------------
Excess total: 75444
Invoking GPU BFS
CPU Excess Total: 75444
After global relabel--------------------
Excess total : 75444
Total kernel time: 128078.640625 ms
The maximum flow value of this flow network as calculated by the parallel implementation is 75444, 75444

Command succeeded: ./maxflow -v 2 -s 0 -t 1 -f /disk_182a/andrew/maximum_flow/source_sink_pairs/bipartite2/bookcrossing_super.txt -a 1
Output:
Loading from DIMACS file: /disk_182a/andrew/maximum_flow/source_sink_pairs/bipartite2/bookcrossing_super.txt
---------<< Graph Status >>---------
Number of nodes: 445803
Number of edges: 3191078
Average degree: 7.16
Standard deviation of degree: 535.74
Maximum degree: 340522 (Node 445802)
Minimum degree: 1 (Node 445800)
Source node: 445801, Sink node: 445802
Using vertex-centric push-relabel algorithm
V: 445803, E: 3191078
Initializing cpu_avq
Starting preflow
Excess_total: 105278
Starting push_relabel
Inside push_relabel
GPU Device: NVIDIA GeForce RTX 3090
Number of blocks: 82
Number of threads per block: 1024
Shared memory size: 12288
cpu_excess_flow[source]: 0, cpu_excess_flow[sink]: 0
Invoking kernel
Kernel invoked
Before global relabel--------------------
Excess total: 105278
Invoking GPU BFS
CPU Excess Total: 105278
After global relabel--------------------
Excess total : 75444
cpu_excess_flow[source]: 0, cpu_excess_flow[sink]: 75444
Invoking kernel
Kernel invoked
Before global relabel--------------------
Excess total: 75444
Invoking GPU BFS
CPU Excess Total: 75444
After global relabel--------------------
Excess total : 75444
cpu_excess_flow[source]: 0, cpu_excess_flow[sink]: 75444
Invoking kernel
Kernel invoked
Before global relabel--------------------
Excess total: 75444
Invoking GPU BFS
CPU Excess Total: 75444
After global relabel--------------------
Excess total : 75444
Total kernel time: 70531.062500 ms
The maximum flow value of this flow network as calculated by the parallel implementation is 75444, 75444

Command succeeded: ./maxflow -v 2 -s 0 -t 1 -f /disk_182a/andrew/maximum_flow/source_sink_pairs/bipartite2/IMDB_actor_super.txt -a 0
Output:
Loading from DIMACS file: /disk_182a/andrew/maximum_flow/source_sink_pairs/bipartite2/IMDB_actor_super.txt
---------<< Graph Status >>---------
Number of nodes: 1199921
Number of edges: 9964762
Average degree: 8.30
Standard deviation of degree: 864.02
Maximum degree: 896301 (Node 1199920)
Minimum degree: 1 (Node 1199918)
Source node: 1199919, Sink node: 1199920
Using thread-centric push-relabel algorithm
V: 1199921, E: 9964762
Initializing cpu_avq
Starting preflow
Excess_total: 303617
Starting push_relabel
Inside push_relabel
GPU Device: NVIDIA GeForce RTX 3090
Number of blocks: 82
Number of threads per block: 1024
Shared memory size: 12288
cpu_excess_flow[source]: 0, cpu_excess_flow[sink]: 0
Invoking kernel
Kernel invoked
Before global relabel--------------------
Excess total: 303617
Invoking GPU BFS
CPU Excess Total: 303617
After global relabel--------------------
Excess total : 250516
cpu_excess_flow[source]: 0, cpu_excess_flow[sink]: 250516
Invoking kernel
Kernel invoked
Before global relabel--------------------
Excess total: 250516
Invoking GPU BFS
CPU Excess Total: 250516
After global relabel--------------------
Excess total : 250516
cpu_excess_flow[source]: 0, cpu_excess_flow[sink]: 250516
Invoking kernel
Kernel invoked
Before global relabel--------------------
Excess total: 250516
Invoking GPU BFS
CPU Excess Total: 250516
After global relabel--------------------
Excess total : 250516
Total kernel time: 335799.531250 ms
The maximum flow value of this flow network as calculated by the parallel implementation is 250516, 250516

Command succeeded: ./maxflow -v 2 -s 0 -t 1 -f /disk_182a/andrew/maximum_flow/source_sink_pairs/bipartite2/IMDB_actor_super.txt -a 1
Output:
Loading from DIMACS file: /disk_182a/andrew/maximum_flow/source_sink_pairs/bipartite2/IMDB_actor_super.txt
---------<< Graph Status >>---------
Number of nodes: 1199921
Number of edges: 9964762
Average degree: 8.30
Standard deviation of degree: 864.02
Maximum degree: 896301 (Node 1199920)
Minimum degree: 1 (Node 1199918)
Source node: 1199919, Sink node: 1199920
Using vertex-centric push-relabel algorithm
V: 1199921, E: 9964762
Initializing cpu_avq
Starting preflow
Excess_total: 303617
Starting push_relabel
Inside push_relabel
GPU Device: NVIDIA GeForce RTX 3090
Number of blocks: 82
Number of threads per block: 1024
Shared memory size: 12288
cpu_excess_flow[source]: 0, cpu_excess_flow[sink]: 0
Invoking kernel
Kernel invoked
Before global relabel--------------------
Excess total: 303617
Invoking GPU BFS
CPU Excess Total: 303617
After global relabel--------------------
Excess total : 250516
cpu_excess_flow[source]: 0, cpu_excess_flow[sink]: 250516
Invoking kernel
Kernel invoked
Before global relabel--------------------
Excess total: 250516
Invoking GPU BFS
CPU Excess Total: 250516
After global relabel--------------------
Excess total : 250516
cpu_excess_flow[source]: 0, cpu_excess_flow[sink]: 250516
Invoking kernel
Kernel invoked
Before global relabel--------------------
Excess total: 250516
Invoking GPU BFS
CPU Excess Total: 250516
After global relabel--------------------
Excess total : 250516
Total kernel time: 160420.031250 ms
The maximum flow value of this flow network as calculated by the parallel implementation is 250516, 250516

Command succeeded: ./maxflow -v 2 -s 0 -t 1 -f /disk_182a/andrew/maximum_flow/source_sink_pairs/bipartite2/dblp-author_super.txt -a 0
Output:
Loading from DIMACS file: /disk_182a/andrew/maximum_flow/source_sink_pairs/bipartite2/dblp-author_super.txt
---------<< Graph Status >>---------
Number of nodes: 7577306
Number of edges: 39718724
Average degree: 5.24
Standard deviation of degree: 2162.88
Maximum degree: 5624218 (Node 7577305)
Minimum degree: 1 (Node 7577303)
Source node: 7577304, Sink node: 7577305
Using thread-centric push-relabel algorithm
V: 7577306, E: 39718724
Initializing cpu_avq
Starting preflow
Excess_total: 1953085
Starting push_relabel
Inside push_relabel
GPU Device: NVIDIA GeForce RTX 3090
Number of blocks: 82
Number of threads per block: 1024
Shared memory size: 12288
cpu_excess_flow[source]: 0, cpu_excess_flow[sink]: 0
Invoking kernel
Kernel invoked
Before global relabel--------------------
Excess total: 1953085
Invoking GPU BFS
CPU Excess Total: 1953085
After global relabel--------------------
Excess total : 1952883
cpu_excess_flow[source]: 0, cpu_excess_flow[sink]: 1952883
Invoking kernel
Kernel invoked
Before global relabel--------------------
Excess total: 1952883
Invoking GPU BFS
CPU Excess Total: 1952883
After global relabel--------------------
Excess total : 1952883
cpu_excess_flow[source]: 0, cpu_excess_flow[sink]: 1952883
Invoking kernel
Kernel invoked
Before global relabel--------------------
Excess total: 1952883
Invoking GPU BFS
CPU Excess Total: 1952883
After global relabel--------------------
Excess total : 1952883
Total kernel time: 1121432.125000 ms
The maximum flow value of this flow network as calculated by the parallel implementation is 1952883, 1952883

Command succeeded: ./maxflow -v 2 -s 0 -t 1 -f /disk_182a/andrew/maximum_flow/source_sink_pairs/bipartite2/dblp-author_super.txt -a 1
Output:
Loading from DIMACS file: /disk_182a/andrew/maximum_flow/source_sink_pairs/bipartite2/dblp-author_super.txt
---------<< Graph Status >>---------
Number of nodes: 7577306
Number of edges: 39718724
Average degree: 5.24
Standard deviation of degree: 2162.88
Maximum degree: 5624218 (Node 7577305)
Minimum degree: 1 (Node 7577303)
Source node: 7577304, Sink node: 7577305
Using vertex-centric push-relabel algorithm
V: 7577306, E: 39718724
Initializing cpu_avq
Starting preflow
Excess_total: 1953085
Starting push_relabel
Inside push_relabel
GPU Device: NVIDIA GeForce RTX 3090
Number of blocks: 82
Number of threads per block: 1024
Shared memory size: 12288
cpu_excess_flow[source]: 0, cpu_excess_flow[sink]: 0
Invoking kernel
Kernel invoked
Before global relabel--------------------
Excess total: 1953085
Invoking GPU BFS
CPU Excess Total: 1953085
After global relabel--------------------
Excess total : 1952883
cpu_excess_flow[source]: 0, cpu_excess_flow[sink]: 1952883
Invoking kernel
Kernel invoked
Before global relabel--------------------
Excess total: 1952883
Invoking GPU BFS
CPU Excess Total: 1952883
After global relabel--------------------
Excess total : 1952883
cpu_excess_flow[source]: 0, cpu_excess_flow[sink]: 1952883
Invoking kernel
Kernel invoked
Before global relabel--------------------
Excess total: 1952883
Invoking GPU BFS
CPU Excess Total: 1952883
After global relabel--------------------
Excess total : 1952883
Total kernel time: 609259.375000 ms
The maximum flow value of this flow network as calculated by the parallel implementation is 1952883, 1952883

