Command succeeded: ./maxflow -v 2 -s 0 -t 1 -f /disk_182a/andrew/maximum_flow/source_sink_pairs/SNAP/cap1/soc-pokec_cap1.txt -a 0
Output:
Loading from DIMACS file: /disk_182a/andrew/maximum_flow/source_sink_pairs/SNAP/cap1/soc-pokec_cap1.txt
---------<< Graph Status >>---------
Number of nodes: 1632805
Number of edges: 61245208
Average degree: 37.51
Standard deviation of degree: 59.53
Maximum degree: 20518 (Node 2854)
Minimum degree: 1 (Node 368)
Source node: 1632803, Sink node: 1632804
Using thread-centric push-relabel algorithm
V: 1632805, E: 61245208
Initializing cpu_avq
Starting preflow
Excess_total: 20
Starting push_relabel
Inside push_relabel
GPU Device: NVIDIA GeForce RTX 3090
Number of blocks: 82
Number of threads per block: 1024
Shared memory size: 12288
cpu_excess_flow[source]: 0, cpu_excess_flow[sink]: 0
Invoking kernel
Kernel invoked
Before global relabel--------------------
Excess total: 20
Invoking GPU BFS
CPU Excess Total: 20
After global relabel--------------------
Excess total : 20
cpu_excess_flow[source]: 0, cpu_excess_flow[sink]: 19
Invoking kernel
Kernel invoked
Before global relabel--------------------
Excess total: 20
Invoking GPU BFS
CPU Excess Total: 20
After global relabel--------------------
Excess total : 20
cpu_excess_flow[source]: 0, cpu_excess_flow[sink]: 20
Invoking kernel
Kernel invoked
Before global relabel--------------------
Excess total: 20
Invoking GPU BFS
CPU Excess Total: 20
After global relabel--------------------
Excess total : 20
Total kernel time: 80122.148438 ms
The maximum flow value of this flow network as calculated by the parallel implementation is 20, 20

Command failed: ./maxflow -v 2 -s 0 -t 1 -f /disk_182a/andrew/maximum_flow/source_sink_pairs/SNAP/cap1/soc-pokec_cap1.txt -a 1
Error:
Loading from DIMACS file: /disk_182a/andrew/maximum_flow/source_sink_pairs/SNAP/cap1/soc-pokec_cap1.txt
---------<< Graph Status >>---------
Number of nodes: 1632805
Number of edges: 61245208
Average degree: 37.51
Standard deviation of degree: 59.53
Maximum degree: 20518 (Node 2854)
Minimum degree: 1 (Node 368)
Source node: 1632803, Sink node: 1632804
Only support thread-centric push-relabel algorithm for now

Command succeeded: ./maxflow -v 2 -s 0 -t 1 -f /disk_182a/andrew/maximum_flow/source_sink_pairs/SNAP/cap1/p2p-Gnutella04_super_cap1.txt -a 0
Output:
Loading from DIMACS file: /disk_182a/andrew/maximum_flow/source_sink_pairs/SNAP/cap1/p2p-Gnutella04_super_cap1.txt
---------<< Graph Status >>---------
Number of nodes: 10878
Number of edges: 80068
Average degree: 7.36
Standard deviation of degree: 6.98
Maximum degree: 103 (Node 3109)
Minimum degree: 1 (Node 24)
Source node: 10876, Sink node: 10877
Using thread-centric push-relabel algorithm
V: 10878, E: 80068
Initializing cpu_avq
Starting preflow
Excess_total: 20
Starting push_relabel
Inside push_relabel
GPU Device: NVIDIA GeForce RTX 3090
Number of blocks: 82
Number of threads per block: 1024
Shared memory size: 12288
cpu_excess_flow[source]: 0, cpu_excess_flow[sink]: 0
Invoking kernel
Kernel invoked
Before global relabel--------------------
Excess total: 20
Invoking GPU BFS
CPU Excess Total: 20
After global relabel--------------------
Excess total : 20
cpu_excess_flow[source]: 0, cpu_excess_flow[sink]: 18
Invoking kernel
Kernel invoked
Before global relabel--------------------
Excess total: 20
Invoking GPU BFS
CPU Excess Total: 20
After global relabel--------------------
Excess total : 20
cpu_excess_flow[source]: 0, cpu_excess_flow[sink]: 19
Invoking kernel
Kernel invoked
Before global relabel--------------------
Excess total: 20
Invoking GPU BFS
CPU Excess Total: 20
After global relabel--------------------
Excess total : 20
Total kernel time: 89.390305 ms
The maximum flow value of this flow network as calculated by the parallel implementation is 20, 20

Command failed: ./maxflow -v 2 -s 0 -t 1 -f /disk_182a/andrew/maximum_flow/source_sink_pairs/SNAP/cap1/p2p-Gnutella04_super_cap1.txt -a 1
Error:
Loading from DIMACS file: /disk_182a/andrew/maximum_flow/source_sink_pairs/SNAP/cap1/p2p-Gnutella04_super_cap1.txt
---------<< Graph Status >>---------
Number of nodes: 10878
Number of edges: 80068
Average degree: 7.36
Standard deviation of degree: 6.98
Maximum degree: 103 (Node 3109)
Minimum degree: 1 (Node 24)
Source node: 10876, Sink node: 10877
Only support thread-centric push-relabel algorithm for now

Command succeeded: ./maxflow -v 2 -s 0 -t 1 -f /disk_182a/andrew/maximum_flow/source_sink_pairs/SNAP/cap1/ca-HepTh_cap1.txt -a 0
Output:
Loading from DIMACS file: /disk_182a/andrew/maximum_flow/source_sink_pairs/SNAP/cap1/ca-HepTh_cap1.txt
---------<< Graph Status >>---------
Number of nodes: 9879
Number of edges: 104022
Average degree: 10.53
Standard deviation of degree: 12.37
Maximum degree: 130 (Node 222)
Minimum degree: 2 (Node 4)
Source node: 9877, Sink node: 9878
Using thread-centric push-relabel algorithm
V: 9879, E: 104022
Initializing cpu_avq
Starting preflow
Excess_total: 20
Starting push_relabel
Inside push_relabel
GPU Device: NVIDIA GeForce RTX 3090
Number of blocks: 82
Number of threads per block: 1024
Shared memory size: 12288
cpu_excess_flow[source]: 0, cpu_excess_flow[sink]: 0
Invoking kernel
Kernel invoked
Before global relabel--------------------
Excess total: 20
Invoking GPU BFS
CPU Excess Total: 20
After global relabel--------------------
Excess total : 20
cpu_excess_flow[source]: 0, cpu_excess_flow[sink]: 20
Invoking kernel
Kernel invoked
Before global relabel--------------------
Excess total: 20
Invoking GPU BFS
CPU Excess Total: 20
After global relabel--------------------
Excess total : 20
cpu_excess_flow[source]: 0, cpu_excess_flow[sink]: 20
Invoking kernel
Kernel invoked
Before global relabel--------------------
Excess total: 20
Invoking GPU BFS
CPU Excess Total: 20
After global relabel--------------------
Excess total : 20
Total kernel time: 55.926170 ms
The maximum flow value of this flow network as calculated by the parallel implementation is 20, 20

Command failed: ./maxflow -v 2 -s 0 -t 1 -f /disk_182a/andrew/maximum_flow/source_sink_pairs/SNAP/cap1/ca-HepTh_cap1.txt -a 1
Error:
Loading from DIMACS file: /disk_182a/andrew/maximum_flow/source_sink_pairs/SNAP/cap1/ca-HepTh_cap1.txt
---------<< Graph Status >>---------
Number of nodes: 9879
Number of edges: 104022
Average degree: 10.53
Standard deviation of degree: 12.37
Maximum degree: 130 (Node 222)
Minimum degree: 2 (Node 4)
Source node: 9877, Sink node: 9878
Only support thread-centric push-relabel algorithm for now

Command succeeded: ./maxflow -v 2 -s 0 -t 1 -f /disk_182a/andrew/maximum_flow/source_sink_pairs/SNAP/cap1/amazon0302_cap1.txt -a 0
Output:
Loading from DIMACS file: /disk_182a/andrew/maximum_flow/source_sink_pairs/SNAP/cap1/amazon0302_cap1.txt
---------<< Graph Status >>---------
Number of nodes: 262113
Number of edges: 2469834
Average degree: 9.42
Standard deviation of degree: 5.92
Maximum degree: 425 (Node 14949)
Minimum degree: 1 (Node 289)
Source node: 262111, Sink node: 262112
Using thread-centric push-relabel algorithm
V: 262113, E: 2469834
Initializing cpu_avq
Starting preflow
Excess_total: 20
Starting push_relabel
Inside push_relabel
GPU Device: NVIDIA GeForce RTX 3090
Number of blocks: 82
Number of threads per block: 1024
Shared memory size: 12288
cpu_excess_flow[source]: 0, cpu_excess_flow[sink]: 0
Invoking kernel
Kernel invoked
Before global relabel--------------------
Excess total: 20
Invoking GPU BFS
CPU Excess Total: 20
After global relabel--------------------
Excess total : 18
cpu_excess_flow[source]: 0, cpu_excess_flow[sink]: 14
Invoking kernel
Kernel invoked
Before global relabel--------------------
Excess total: 18
Invoking GPU BFS
CPU Excess Total: 18
After global relabel--------------------
Excess total : 17
cpu_excess_flow[source]: 0, cpu_excess_flow[sink]: 17
Invoking kernel
Kernel invoked
Before global relabel--------------------
Excess total: 17
Invoking GPU BFS
CPU Excess Total: 17
After global relabel--------------------
Excess total : 17
Total kernel time: 2319.051025 ms
The maximum flow value of this flow network as calculated by the parallel implementation is 17, 17

Command failed: ./maxflow -v 2 -s 0 -t 1 -f /disk_182a/andrew/maximum_flow/source_sink_pairs/SNAP/cap1/amazon0302_cap1.txt -a 1
Error:
Loading from DIMACS file: /disk_182a/andrew/maximum_flow/source_sink_pairs/SNAP/cap1/amazon0302_cap1.txt
---------<< Graph Status >>---------
Number of nodes: 262113
Number of edges: 2469834
Average degree: 9.42
Standard deviation of degree: 5.92
Maximum degree: 425 (Node 14949)
Minimum degree: 1 (Node 289)
Source node: 262111, Sink node: 262112
Only support thread-centric push-relabel algorithm for now

Command succeeded: ./maxflow -v 2 -s 0 -t 1 -f /disk_182a/andrew/maximum_flow/source_sink_pairs/SNAP/cap1/web-BerkStan_cap1.txt -a 0
Output:
Loading from DIMACS file: /disk_182a/andrew/maximum_flow/source_sink_pairs/SNAP/cap1/web-BerkStan_cap1.txt
---------<< Graph Status >>---------
Number of nodes: 685232
Number of edges: 15201270
Average degree: 22.18
Standard deviation of degree: 285.98
Maximum degree: 84290 (Node 438237)
Minimum degree: 1 (Node 873)
Source node: 685230, Sink node: 685231
Using thread-centric push-relabel algorithm
V: 685232, E: 15201270
Initializing cpu_avq
Starting preflow
Excess_total: 20
Starting push_relabel
Inside push_relabel
GPU Device: NVIDIA GeForce RTX 3090
Number of blocks: 82
Number of threads per block: 1024
Shared memory size: 12288
cpu_excess_flow[source]: 0, cpu_excess_flow[sink]: 0
Invoking kernel
Kernel invoked
Before global relabel--------------------
Excess total: 20
Invoking GPU BFS
CPU Excess Total: 20
After global relabel--------------------
Excess total : 20
cpu_excess_flow[source]: 0, cpu_excess_flow[sink]: 18
Invoking kernel
Kernel invoked
Before global relabel--------------------
Excess total: 20
Invoking GPU BFS
CPU Excess Total: 20
After global relabel--------------------
Excess total : 20
cpu_excess_flow[source]: 0, cpu_excess_flow[sink]: 19
Invoking kernel
Kernel invoked
Before global relabel--------------------
Excess total: 20
Invoking GPU BFS
CPU Excess Total: 20
After global relabel--------------------
Excess total : 20
Total kernel time: 17806.804688 ms
The maximum flow value of this flow network as calculated by the parallel implementation is 19, 20

Command failed: ./maxflow -v 2 -s 0 -t 1 -f /disk_182a/andrew/maximum_flow/source_sink_pairs/SNAP/cap1/web-BerkStan_cap1.txt -a 1
Error:
Loading from DIMACS file: /disk_182a/andrew/maximum_flow/source_sink_pairs/SNAP/cap1/web-BerkStan_cap1.txt
---------<< Graph Status >>---------
Number of nodes: 685232
Number of edges: 15201270
Average degree: 22.18
Standard deviation of degree: 285.98
Maximum degree: 84290 (Node 438237)
Minimum degree: 1 (Node 873)
Source node: 685230, Sink node: 685231
Only support thread-centric push-relabel algorithm for now

Command succeeded: ./maxflow -v 2 -s 0 -t 1 -f /disk_182a/andrew/maximum_flow/source_sink_pairs/SNAP/cap1/web-Google_cap1.txt -a 0
Output:
Loading from DIMACS file: /disk_182a/andrew/maximum_flow/source_sink_pairs/SNAP/cap1/web-Google_cap1.txt
---------<< Graph Status >>---------
Number of nodes: 875715
Number of edges: 10210158
Average degree: 11.66
Standard deviation of degree: 40.66
Maximum degree: 6353 (Node 510729)
Minimum degree: 1 (Node 12)
Source node: 875713, Sink node: 875714
Using thread-centric push-relabel algorithm
V: 875715, E: 10210158
Initializing cpu_avq
Starting preflow
Excess_total: 20
Starting push_relabel
Inside push_relabel
GPU Device: NVIDIA GeForce RTX 3090
Number of blocks: 82
Number of threads per block: 1024
Shared memory size: 12288
cpu_excess_flow[source]: 0, cpu_excess_flow[sink]: 0
Invoking kernel
Kernel invoked
Before global relabel--------------------
Excess total: 20
Invoking GPU BFS
CPU Excess Total: 20
After global relabel--------------------
Excess total : 20
cpu_excess_flow[source]: 0, cpu_excess_flow[sink]: 18
Invoking kernel
Kernel invoked
Before global relabel--------------------
Excess total: 20
Invoking GPU BFS
CPU Excess Total: 20
After global relabel--------------------
Excess total : 20
cpu_excess_flow[source]: 0, cpu_excess_flow[sink]: 20
Invoking kernel
Kernel invoked
Before global relabel--------------------
Excess total: 20
Invoking GPU BFS
CPU Excess Total: 20
After global relabel--------------------
Excess total : 20
Total kernel time: 12182.201172 ms
The maximum flow value of this flow network as calculated by the parallel implementation is 20, 20

Command failed: ./maxflow -v 2 -s 0 -t 1 -f /disk_182a/andrew/maximum_flow/source_sink_pairs/SNAP/cap1/web-Google_cap1.txt -a 1
Error:
Loading from DIMACS file: /disk_182a/andrew/maximum_flow/source_sink_pairs/SNAP/cap1/web-Google_cap1.txt
---------<< Graph Status >>---------
Number of nodes: 875715
Number of edges: 10210158
Average degree: 11.66
Standard deviation of degree: 40.66
Maximum degree: 6353 (Node 510729)
Minimum degree: 1 (Node 12)
Source node: 875713, Sink node: 875714
Only support thread-centric push-relabel algorithm for now

Command succeeded: ./maxflow -v 2 -s 0 -t 1 -f /disk_182a/andrew/maximum_flow/source_sink_pairs/SNAP/cap1/cit-Patents_cap1.txt -a 0
Output:
Loading from DIMACS file: /disk_182a/andrew/maximum_flow/source_sink_pairs/SNAP/cap1/cit-Patents_cap1.txt
---------<< Graph Status >>---------
Number of nodes: 3774770
Number of edges: 33037976
Average degree: 8.75
Standard deviation of degree: 10.49
Maximum degree: 793 (Node 2514765)
Minimum degree: 1 (Node 2)
Source node: 3774768, Sink node: 3774769
Using thread-centric push-relabel algorithm
V: 3774770, E: 33037976
Initializing cpu_avq
Starting preflow
Excess_total: 20
Starting push_relabel
Inside push_relabel
GPU Device: NVIDIA GeForce RTX 3090
Number of blocks: 82
Number of threads per block: 1024
Shared memory size: 12288
cpu_excess_flow[source]: 0, cpu_excess_flow[sink]: 0
Invoking kernel
Kernel invoked
Before global relabel--------------------
Excess total: 20
Invoking GPU BFS
CPU Excess Total: 20
After global relabel--------------------
Excess total : 20
cpu_excess_flow[source]: 0, cpu_excess_flow[sink]: 20
Invoking kernel
Kernel invoked
Before global relabel--------------------
Excess total: 20
Invoking GPU BFS
CPU Excess Total: 20
After global relabel--------------------
Excess total : 20
cpu_excess_flow[source]: 0, cpu_excess_flow[sink]: 20
Invoking kernel
Kernel invoked
Before global relabel--------------------
Excess total: 20
Invoking GPU BFS
CPU Excess Total: 20
After global relabel--------------------
Excess total : 20
Total kernel time: 238013.656250 ms
The maximum flow value of this flow network as calculated by the parallel implementation is 20, 20

Command failed: ./maxflow -v 2 -s 0 -t 1 -f /disk_182a/andrew/maximum_flow/source_sink_pairs/SNAP/cap1/cit-Patents_cap1.txt -a 1
Error:
Loading from DIMACS file: /disk_182a/andrew/maximum_flow/source_sink_pairs/SNAP/cap1/cit-Patents_cap1.txt
---------<< Graph Status >>---------
Number of nodes: 3774770
Number of edges: 33037976
Average degree: 8.75
Standard deviation of degree: 10.49
Maximum degree: 793 (Node 2514765)
Minimum degree: 1 (Node 2)
Source node: 3774768, Sink node: 3774769
Only support thread-centric push-relabel algorithm for now

Command succeeded: ./maxflow -v 2 -s 0 -t 1 -f /disk_182a/andrew/maximum_flow/source_sink_pairs/SNAP/cap1/roadNet_CA_cap1.txt -a 0
Output:
Loading from DIMACS file: /disk_182a/andrew/maximum_flow/source_sink_pairs/SNAP/cap1/roadNet_CA_cap1.txt
---------<< Graph Status >>---------
Number of nodes: 1957029
Number of edges: 5520856
Average degree: 2.82
Standard deviation of degree: 0.99
Maximum degree: 20 (Node 1957027)
Minimum degree: 1 (Node 15)
Source node: 1957027, Sink node: 1957028
Using thread-centric push-relabel algorithm
V: 1957029, E: 5520856
Initializing cpu_avq
Starting preflow
Excess_total: 20
Starting push_relabel
Inside push_relabel
GPU Device: NVIDIA GeForce RTX 3090
Number of blocks: 82
Number of threads per block: 1024
Shared memory size: 12288
cpu_excess_flow[source]: 0, cpu_excess_flow[sink]: 0
Invoking kernel
Kernel invoked
Before global relabel--------------------
Excess total: 20
Invoking GPU BFS
CPU Excess Total: 20
After global relabel--------------------
Excess total : 15
cpu_excess_flow[source]: 0, cpu_excess_flow[sink]: 15
Invoking kernel
Kernel invoked
Before global relabel--------------------
Excess total: 15
Invoking GPU BFS
CPU Excess Total: 15
After global relabel--------------------
Excess total : 15
cpu_excess_flow[source]: 0, cpu_excess_flow[sink]: 15
Invoking kernel
Kernel invoked
Before global relabel--------------------
Excess total: 15
Invoking GPU BFS
CPU Excess Total: 15
After global relabel--------------------
Excess total : 15
Total kernel time: 70299.523438 ms
The maximum flow value of this flow network as calculated by the parallel implementation is 15, 15

Command failed: ./maxflow -v 2 -s 0 -t 1 -f /disk_182a/andrew/maximum_flow/source_sink_pairs/SNAP/cap1/roadNet_CA_cap1.txt -a 1
Error:
Loading from DIMACS file: /disk_182a/andrew/maximum_flow/source_sink_pairs/SNAP/cap1/roadNet_CA_cap1.txt
---------<< Graph Status >>---------
Number of nodes: 1957029
Number of edges: 5520856
Average degree: 2.82
Standard deviation of degree: 0.99
Maximum degree: 20 (Node 1957027)
Minimum degree: 1 (Node 15)
Source node: 1957027, Sink node: 1957028
Only support thread-centric push-relabel algorithm for now

Command succeeded: ./maxflow -v 2 -s 0 -t 1 -f /disk_182a/andrew/maximum_flow/source_sink_pairs/SNAP/cap1/com-orkut_cap1.txt -a 0
Output:
Loading from DIMACS file: /disk_182a/andrew/maximum_flow/source_sink_pairs/SNAP/cap1/com-orkut_cap1.txt
---------<< Graph Status >>---------
Number of nodes: 3072443
Number of edges: 234370246
Average degree: 76.28
Standard deviation of degree: 154.78
Maximum degree: 33313 (Node 43607)
Minimum degree: 1 (Node 11)
Source node: 3072441, Sink node: 3072442
Using thread-centric push-relabel algorithm
V: 3072443, E: 234370246
Initializing cpu_avq
Starting preflow
Excess_total: 20
Starting push_relabel
Inside push_relabel
GPU Device: NVIDIA GeForce RTX 3090
Number of blocks: 82
Number of threads per block: 1024
Shared memory size: 12288
cpu_excess_flow[source]: 0, cpu_excess_flow[sink]: 0
Invoking kernel
Kernel invoked
Before global relabel--------------------
Excess total: 20
Invoking GPU BFS
CPU Excess Total: 20
After global relabel--------------------
Excess total : 20
cpu_excess_flow[source]: 0, cpu_excess_flow[sink]: 17
Invoking kernel
Kernel invoked
Before global relabel--------------------
Excess total: 20
Invoking GPU BFS
CPU Excess Total: 20
After global relabel--------------------
Excess total : 20
cpu_excess_flow[source]: 0, cpu_excess_flow[sink]: 17
Invoking kernel
Kernel invoked
Before global relabel--------------------
Excess total: 20
Invoking GPU BFS
CPU Excess Total: 20
After global relabel--------------------
Excess total : 20
Total kernel time: 350894.750000 ms
The maximum flow value of this flow network as calculated by the parallel implementation is 18, 20

Command failed: ./maxflow -v 2 -s 0 -t 1 -f /disk_182a/andrew/maximum_flow/source_sink_pairs/SNAP/cap1/com-orkut_cap1.txt -a 1
Error:
Loading from DIMACS file: /disk_182a/andrew/maximum_flow/source_sink_pairs/SNAP/cap1/com-orkut_cap1.txt
---------<< Graph Status >>---------
Number of nodes: 3072443
Number of edges: 234370246
Average degree: 76.28
Standard deviation of degree: 154.78
Maximum degree: 33313 (Node 43607)
Minimum degree: 1 (Node 11)
Source node: 3072441, Sink node: 3072442
Only support thread-centric push-relabel algorithm for now

Command failed: ./maxflow -v 2 -s 0 -t 1 -f /disk_182a/andrew/maximum_flow/source_sink_pairs/SNAP/cap1/com-Friendster_cap1.txt -a 0
Error:
terminate called after throwing an instance of 'std::length_error'
  what():  vector::reserve
Aborted (core dumped)

Command failed: ./maxflow -v 2 -s 0 -t 1 -f /disk_182a/andrew/maximum_flow/source_sink_pairs/SNAP/cap1/com-Friendster_cap1.txt -a 1
Error:
terminate called after throwing an instance of 'std::length_error'
  what():  vector::reserve
Aborted (core dumped)

Command succeeded: ./maxflow -v 2 -s 0 -t 1 -f /disk_182a/andrew/maximum_flow/source_sink_pairs/SNAP/cap1/soc-LiveJournal1_cap1.txt -a 0
Output:
Loading from DIMACS file: /disk_182a/andrew/maximum_flow/source_sink_pairs/SNAP/cap1/soc-LiveJournal1_cap1.txt
---------<< Graph Status >>---------
Number of nodes: 4847573
Number of edges: 137987626
Average degree: 28.47
Standard deviation of degree: 72.29
Maximum degree: 22889 (Node 10009)
Minimum degree: 1 (Node 175)
Source node: 4847571, Sink node: 4847572
Using thread-centric push-relabel algorithm
V: 4847573, E: 137987626
Initializing cpu_avq
Starting preflow
Excess_total: 20
Starting push_relabel
Inside push_relabel
GPU Device: NVIDIA GeForce RTX 3090
Number of blocks: 82
Number of threads per block: 1024
Shared memory size: 12288
cpu_excess_flow[source]: 0, cpu_excess_flow[sink]: 0
Invoking kernel
Kernel invoked
Before global relabel--------------------
Excess total: 20
Invoking GPU BFS
CPU Excess Total: 20
After global relabel--------------------
Excess total : 20
cpu_excess_flow[source]: 0, cpu_excess_flow[sink]: 18
Invoking kernel
Kernel invoked
Before global relabel--------------------
Excess total: 20
Invoking GPU BFS
CPU Excess Total: 20
After global relabel--------------------
Excess total : 20
cpu_excess_flow[source]: 0, cpu_excess_flow[sink]: 19
Invoking kernel
Kernel invoked
Before global relabel--------------------
Excess total: 20
Invoking GPU BFS
CPU Excess Total: 20
After global relabel--------------------
Excess total : 20
Total kernel time: 586618.687500 ms
The maximum flow value of this flow network as calculated by the parallel implementation is 20, 20

Command failed: ./maxflow -v 2 -s 0 -t 1 -f /disk_182a/andrew/maximum_flow/source_sink_pairs/SNAP/cap1/soc-LiveJournal1_cap1.txt -a 1
Error:
Loading from DIMACS file: /disk_182a/andrew/maximum_flow/source_sink_pairs/SNAP/cap1/soc-LiveJournal1_cap1.txt
---------<< Graph Status >>---------
Number of nodes: 4847573
Number of edges: 137987626
Average degree: 28.47
Standard deviation of degree: 72.29
Maximum degree: 22889 (Node 10009)
Minimum degree: 1 (Node 175)
Source node: 4847571, Sink node: 4847572
Only support thread-centric push-relabel algorithm for now

Command succeeded: ./maxflow -v 2 -s 0 -t 1 -f /disk_182a/andrew/maximum_flow/source_sink_pairs/SNAP/cap1/com-youtube_cap1.txt -a 0
Output:
Loading from DIMACS file: /disk_182a/andrew/maximum_flow/source_sink_pairs/SNAP/cap1/com-youtube_cap1.txt
---------<< Graph Status >>---------
Number of nodes: 1134892
Number of edges: 5975328
Average degree: 5.27
Standard deviation of degree: 50.75
Maximum degree: 28754 (Node 1071)
Minimum degree: 1 (Node 5)
Source node: 1134890, Sink node: 1134891
Using thread-centric push-relabel algorithm
V: 1134892, E: 5975328
Initializing cpu_avq
Starting preflow
Excess_total: 20
Starting push_relabel
Inside push_relabel
GPU Device: NVIDIA GeForce RTX 3090
Number of blocks: 82
Number of threads per block: 1024
Shared memory size: 12288
cpu_excess_flow[source]: 0, cpu_excess_flow[sink]: 0
Invoking kernel
Kernel invoked
Before global relabel--------------------
Excess total: 20
Invoking GPU BFS
CPU Excess Total: 20
After global relabel--------------------
Excess total : 20
cpu_excess_flow[source]: 0, cpu_excess_flow[sink]: 18
Invoking kernel
Kernel invoked
Before global relabel--------------------
Excess total: 20
Invoking GPU BFS
CPU Excess Total: 20
After global relabel--------------------
Excess total : 20
cpu_excess_flow[source]: 0, cpu_excess_flow[sink]: 19
Invoking kernel
Kernel invoked
Before global relabel--------------------
Excess total: 20
Invoking GPU BFS
CPU Excess Total: 20
After global relabel--------------------
Excess total : 20
Total kernel time: 101777.468750 ms
The maximum flow value of this flow network as calculated by the parallel implementation is 19, 20

Command failed: ./maxflow -v 2 -s 0 -t 1 -f /disk_182a/andrew/maximum_flow/source_sink_pairs/SNAP/cap1/com-youtube_cap1.txt -a 1
Error:
Loading from DIMACS file: /disk_182a/andrew/maximum_flow/source_sink_pairs/SNAP/cap1/com-youtube_cap1.txt
---------<< Graph Status >>---------
Number of nodes: 1134892
Number of edges: 5975328
Average degree: 5.27
Standard deviation of degree: 50.75
Maximum degree: 28754 (Node 1071)
Minimum degree: 1 (Node 5)
Source node: 1134890, Sink node: 1134891
Only support thread-centric push-relabel algorithm for now

Command succeeded: ./maxflow -v 2 -s 0 -t 1 -f /disk_182a/andrew/maximum_flow/source_sink_pairs/SNAP/cap1/roadNet_PA_cap1.txt -a 0
Output:
Loading from DIMACS file: /disk_182a/andrew/maximum_flow/source_sink_pairs/SNAP/cap1/roadNet_PA_cap1.txt
---------<< Graph Status >>---------
Number of nodes: 1088094
Number of edges: 6167672
Average degree: 5.67
Standard deviation of degree: 2.03
Maximum degree: 20 (Node 1088092)
Minimum degree: 2 (Node 1)
Source node: 1088092, Sink node: 1088093
Using thread-centric push-relabel algorithm
V: 1088094, E: 6167672
Initializing cpu_avq
Starting preflow
Excess_total: 20
Starting push_relabel
Inside push_relabel
GPU Device: NVIDIA GeForce RTX 3090
Number of blocks: 82
Number of threads per block: 1024
Shared memory size: 12288
cpu_excess_flow[source]: 0, cpu_excess_flow[sink]: 0
Invoking kernel
Kernel invoked
Before global relabel--------------------
Excess total: 20
Invoking GPU BFS
CPU Excess Total: 20
After global relabel--------------------
Excess total : 20
cpu_excess_flow[source]: 0, cpu_excess_flow[sink]: 7
Invoking kernel
Kernel invoked
Before global relabel--------------------
Excess total: 20
Invoking GPU BFS
CPU Excess Total: 20
After global relabel--------------------
Excess total : 19
cpu_excess_flow[source]: 0, cpu_excess_flow[sink]: 19
Invoking kernel
Kernel invoked
Before global relabel--------------------
Excess total: 19
Invoking GPU BFS
CPU Excess Total: 19
After global relabel--------------------
Excess total : 19
Total kernel time: 14794.514648 ms
The maximum flow value of this flow network as calculated by the parallel implementation is 19, 19

Command failed: ./maxflow -v 2 -s 0 -t 1 -f /disk_182a/andrew/maximum_flow/source_sink_pairs/SNAP/cap1/roadNet_PA_cap1.txt -a 1
Error:
Loading from DIMACS file: /disk_182a/andrew/maximum_flow/source_sink_pairs/SNAP/cap1/roadNet_PA_cap1.txt
---------<< Graph Status >>---------
Number of nodes: 1088094
Number of edges: 6167672
Average degree: 5.67
Standard deviation of degree: 2.03
Maximum degree: 20 (Node 1088092)
Minimum degree: 2 (Node 1)
Source node: 1088092, Sink node: 1088093
Only support thread-centric push-relabel algorithm for now

Command succeeded: ./maxflow -v 2 -s 0 -t 1 -f /disk_182a/andrew/maximum_flow/source_sink_pairs/SNAP/cap1/ca-HepPh_cap1.txt -a 0
Output:
Loading from DIMACS file: /disk_182a/andrew/maximum_flow/source_sink_pairs/SNAP/cap1/ca-HepPh_cap1.txt
---------<< Graph Status >>---------
Number of nodes: 12010
Number of edges: 474100
Average degree: 39.48
Standard deviation of degree: 93.27
Maximum degree: 982 (Node 9646)
Minimum degree: 2 (Node 0)
Source node: 12008, Sink node: 12009
Using thread-centric push-relabel algorithm
V: 12010, E: 474100
Initializing cpu_avq
Starting preflow
Excess_total: 20
Starting push_relabel
Inside push_relabel
GPU Device: NVIDIA GeForce RTX 3090
Number of blocks: 82
Number of threads per block: 1024
Shared memory size: 12288
cpu_excess_flow[source]: 0, cpu_excess_flow[sink]: 0
Invoking kernel
Kernel invoked
Before global relabel--------------------
Excess total: 20
Invoking GPU BFS
CPU Excess Total: 20
After global relabel--------------------
Excess total : 20
cpu_excess_flow[source]: 0, cpu_excess_flow[sink]: 18
Invoking kernel
Kernel invoked
Before global relabel--------------------
Excess total: 20
Invoking GPU BFS
CPU Excess Total: 20
After global relabel--------------------
Excess total : 20
cpu_excess_flow[source]: 0, cpu_excess_flow[sink]: 20
Invoking kernel
Kernel invoked
Before global relabel--------------------
Excess total: 20
Invoking GPU BFS
CPU Excess Total: 20
After global relabel--------------------
Excess total : 20
Total kernel time: 248.230209 ms
The maximum flow value of this flow network as calculated by the parallel implementation is 20, 20

Command failed: ./maxflow -v 2 -s 0 -t 1 -f /disk_182a/andrew/maximum_flow/source_sink_pairs/SNAP/cap1/ca-HepPh_cap1.txt -a 1
Error:
Loading from DIMACS file: /disk_182a/andrew/maximum_flow/source_sink_pairs/SNAP/cap1/ca-HepPh_cap1.txt
---------<< Graph Status >>---------
Number of nodes: 12010
Number of edges: 474100
Average degree: 39.48
Standard deviation of degree: 93.27
Maximum degree: 982 (Node 9646)
Minimum degree: 2 (Node 0)
Source node: 12008, Sink node: 12009
Only support thread-centric push-relabel algorithm for now

